<html>
<head>
<title>TestNG:  CrossTest2</title>
<link href="../testng.css" rel="stylesheet" type="text/css" />
<link href="../my-testng.css" rel="stylesheet" type="text/css" />

<style type="text/css">
.log { display: none;} 
.stack-trace { display: none;} 
</style>
<script type="text/javascript">
<!--
function flip(e) {
  current = e.style.display;
  if (current == 'block') {
    e.style.display = 'none';
    return 0;
  }
  else {
    e.style.display = 'block';
    return 1;
  }
}

function toggleBox(szDivId, elem, msg1, msg2)
{
  var res = -1;  if (document.getElementById) {
    res = flip(document.getElementById(szDivId));
  }
  else if (document.all) {
    // this is the way old msie versions work
    res = flip(document.all[szDivId]);
  }
  if(elem) {
    if(res == 0) elem.innerHTML = msg1; else elem.innerHTML = msg2;
  }

}

function toggleAllBoxes() {
  if (document.getElementsByTagName) {
    d = document.getElementsByTagName('div');
    for (i = 0; i < d.length; i++) {
      if (d[i].className == 'log') {
        flip(d[i]);
      }
    }
  }
}

// -->
</script>

</head>
<body>
<h2 align='center'>CrossTest2</h2><table border='1' align="center">
<tr>
<td>Tests passed/Failed/Skipped:</td><td>10/5/0</td>
</tr><tr>
<td>Started on:</td><td>Fri Apr 29 22:17:14 IST 2016</td>
</tr>
<tr><td>Total time:</td><td>2923 seconds (2923149 ms)</td>
</tr><tr>
<td>Included groups:</td><td></td>
</tr><tr>
<td>Excluded groups:</td><td></td>
</tr>
</table><p/>
<small><i>(Hover the method name to see the test class name)</i></small><p/>
<table width='100%' border='1' class='invocation-failed'>
<tr><td colspan='4' align='center'><b>FAILED TESTS</b></td></tr>
<tr><td><b>Test method</b></td>
<td width="30%"><b>Exception</b></td>
<td width="10%"><b>Time (seconds)</b></td>
<td><b>Instance</b></td>
</tr>
<tr>
<td title='test.java.com.MusicGroup.scripts.B2BTestCases.B2B_ProductDetailPage.ProductReviewCartB2B()'><b>ProductReviewCartB2B</b><br>Test class: test.java.com.MusicGroup.scripts.B2BTestCases.B2B_ProductDetailPage<br/>
<a href="#Output-4643316" onClick='toggleBox("Output-4643316", this, "Show output", "Hide output");'>Show output</a>

<a href="#Output-4643316" onClick="toggleAllBoxes();">Show all outputs</a>
<div class='log' id="Output-4643316">
<a href= 'file://C:/Users/VireshT/Desktop/MusicGroup/SVN_Test/MusicGroup/screenshots/B2B_ProductDetailPage//B2B_ProductDetailPage2016-04-29.jpg'target='_blank' >B2B_ProductDetailPage2016-04-29</a><br/>
</div>
</td>
<td><div><pre>java.lang.AssertionError: expected [true] but found [false]
	at test.java.com.MusicGroup.pagehelper.B2B_ProductDetailPage_Helper.verifyproductdetailpage(B2B_ProductDetailPage_Helper.java:1139)
	at test.java.com.MusicGroup.scripts.B2BTestCases.B2B_ProductDetailPage.ProductReviewCartB2B(B2B_ProductDetailPage.java:68)
... Removed 27 stack frames</pre></div><a href='#' onClick='toggleBox("stack-trace4643316", this, "Click to show all stack frames", "Click to hide stack frames")'>Click to show all stack frames</a>
<div class='stack-trace' id='stack-trace4643316'><pre>java.lang.AssertionError: expected [true] but found [false]
	at org.testng.Assert.fail(Assert.java:94)
	at org.testng.Assert.failNotEquals(Assert.java:496)
	at org.testng.Assert.assertTrue(Assert.java:42)
	at org.testng.Assert.assertTrue(Assert.java:52)
	at test.java.com.MusicGroup.pagehelper.B2B_ProductDetailPage_Helper.verifyproductdetailpage(B2B_ProductDetailPage_Helper.java:1139)
	at test.java.com.MusicGroup.scripts.B2BTestCases.B2B_ProductDetailPage.ProductReviewCartB2B(B2B_ProductDetailPage.java:68)
	at sun.reflect.NativeMethodAccessorImpl.invoke0(Native Method)
	at sun.reflect.NativeMethodAccessorImpl.invoke(NativeMethodAccessorImpl.java:62)
	at sun.reflect.DelegatingMethodAccessorImpl.invoke(DelegatingMethodAccessorImpl.java:43)
	at java.lang.reflect.Method.invoke(Method.java:497)
	at org.testng.internal.MethodInvocationHelper.invokeMethod(MethodInvocationHelper.java:85)
	at org.testng.internal.Invoker.invokeMethod(Invoker.java:639)
	at org.testng.internal.Invoker.invokeTestMethod(Invoker.java:816)
	at org.testng.internal.Invoker.invokeTestMethods(Invoker.java:1124)
	at org.testng.internal.TestMethodWorker.invokeTestMethods(TestMethodWorker.java:125)
	at org.testng.internal.TestMethodWorker.run(TestMethodWorker.java:108)
	at org.testng.TestRunner.privateRun(TestRunner.java:774)
	at org.testng.TestRunner.run(TestRunner.java:624)
	at org.testng.SuiteRunner.runTest(SuiteRunner.java:359)
	at org.testng.SuiteRunner.runSequentially(SuiteRunner.java:354)
	at org.testng.SuiteRunner.privateRun(SuiteRunner.java:312)
	at org.testng.SuiteRunner.run(SuiteRunner.java:261)
	at org.testng.SuiteRunnerWorker.runSuite(SuiteRunnerWorker.java:52)
	at org.testng.SuiteRunnerWorker.run(SuiteRunnerWorker.java:86)
	at org.testng.TestNG.runSuitesSequentially(TestNG.java:1215)
	at org.testng.TestNG.runSuitesLocally(TestNG.java:1140)
	at org.testng.TestNG.run(TestNG.java:1048)
	at org.testng.TestNG.privateMain(TestNG.java:1355)
	at org.testng.TestNG.main(TestNG.java:1324)
</pre></div></td>
<td>193</td>
<td>test.java.com.MusicGroup.scripts.B2BTestCases.B2B_ProductDetailPage@5bef66</td></tr>
<tr>
<td title='test.java.com.MusicGroup.scripts.B2BTestCases.B2B_SearchResultPage.SearchResultPageB2B()'><b>SearchResultPageB2B</b><br>Test class: test.java.com.MusicGroup.scripts.B2BTestCases.B2B_SearchResultPage<br/>
<a href="#Output-31490993" onClick='toggleBox("Output-31490993", this, "Show output", "Hide output");'>Show output</a>

<a href="#Output-31490993" onClick="toggleAllBoxes();">Show all outputs</a>
<div class='log' id="Output-31490993">
<a href= 'file://C:/Users/VireshT/Desktop/MusicGroup/SVN_Test/MusicGroup/screenshots/B2B_SearchSuggestion//B2B_SearchSuggestion2016-04-29.jpg'target='_blank' >B2B_SearchSuggestion2016-04-29</a><br/>
</div>
</td>
<td><div><pre>java.lang.AssertionError: expected [true] but found [false]
	at test.java.com.MusicGroup.pagehelper.B2B_SearchResult_Helper.verifySearchResult(B2B_SearchResult_Helper.java:383)
	at test.java.com.MusicGroup.scripts.B2BTestCases.B2B_SearchResultPage.SearchResultPageB2B(B2B_SearchResultPage.java:68)
... Removed 27 stack frames</pre></div><a href='#' onClick='toggleBox("stack-trace31490993", this, "Click to show all stack frames", "Click to hide stack frames")'>Click to show all stack frames</a>
<div class='stack-trace' id='stack-trace31490993'><pre>java.lang.AssertionError: expected [true] but found [false]
	at org.testng.Assert.fail(Assert.java:94)
	at org.testng.Assert.failNotEquals(Assert.java:496)
	at org.testng.Assert.assertTrue(Assert.java:42)
	at org.testng.Assert.assertTrue(Assert.java:52)
	at test.java.com.MusicGroup.pagehelper.B2B_SearchResult_Helper.verifySearchResult(B2B_SearchResult_Helper.java:383)
	at test.java.com.MusicGroup.scripts.B2BTestCases.B2B_SearchResultPage.SearchResultPageB2B(B2B_SearchResultPage.java:68)
	at sun.reflect.NativeMethodAccessorImpl.invoke0(Native Method)
	at sun.reflect.NativeMethodAccessorImpl.invoke(NativeMethodAccessorImpl.java:62)
	at sun.reflect.DelegatingMethodAccessorImpl.invoke(DelegatingMethodAccessorImpl.java:43)
	at java.lang.reflect.Method.invoke(Method.java:497)
	at org.testng.internal.MethodInvocationHelper.invokeMethod(MethodInvocationHelper.java:85)
	at org.testng.internal.Invoker.invokeMethod(Invoker.java:639)
	at org.testng.internal.Invoker.invokeTestMethod(Invoker.java:816)
	at org.testng.internal.Invoker.invokeTestMethods(Invoker.java:1124)
	at org.testng.internal.TestMethodWorker.invokeTestMethods(TestMethodWorker.java:125)
	at org.testng.internal.TestMethodWorker.run(TestMethodWorker.java:108)
	at org.testng.TestRunner.privateRun(TestRunner.java:774)
	at org.testng.TestRunner.run(TestRunner.java:624)
	at org.testng.SuiteRunner.runTest(SuiteRunner.java:359)
	at org.testng.SuiteRunner.runSequentially(SuiteRunner.java:354)
	at org.testng.SuiteRunner.privateRun(SuiteRunner.java:312)
	at org.testng.SuiteRunner.run(SuiteRunner.java:261)
	at org.testng.SuiteRunnerWorker.runSuite(SuiteRunnerWorker.java:52)
	at org.testng.SuiteRunnerWorker.run(SuiteRunnerWorker.java:86)
	at org.testng.TestNG.runSuitesSequentially(TestNG.java:1215)
	at org.testng.TestNG.runSuitesLocally(TestNG.java:1140)
	at org.testng.TestNG.run(TestNG.java:1048)
	at org.testng.TestNG.privateMain(TestNG.java:1355)
	at org.testng.TestNG.main(TestNG.java:1324)
</pre></div></td>
<td>289</td>
<td>test.java.com.MusicGroup.scripts.B2BTestCases.B2B_SearchResultPage@af7cc2</td></tr>
<tr>
<td title='test.java.com.MusicGroup.scripts.UnifiedTestCases.Product_Overview_Page.VerifyProductOverviewPage()'><b>VerifyProductOverviewPage</b><br>Test class: test.java.com.MusicGroup.scripts.UnifiedTestCases.Product_Overview_Page<br/>
<a href="#Output-26895827" onClick='toggleBox("Output-26895827", this, "Show output", "Hide output");'>Show output</a>

<a href="#Output-26895827" onClick="toggleAllBoxes();">Show all outputs</a>
<div class='log' id="Output-26895827">
<a href= 'file://C:/Users/VireshT/Desktop/MusicGroup/SVN_Test/MusicGroup/screenshots/TC_002_Product_Overview_Page//TC_002_Product_Overview_Page2016-04-29.jpg'target='_blank' >TC_002_Product_Overview_Page2016-04-29</a><br/>
</div>
</td>
<td><div><pre>java.lang.AssertionError: expected [true] but found [false]
	at test.java.com.MusicGroup.pagehelper.Product_Overview_Helper.verifyOverviewPage(Product_Overview_Helper.java:869)
	at test.java.com.MusicGroup.scripts.UnifiedTestCases.Product_Overview_Page.VerifyProductOverviewPage(Product_Overview_Page.java:58)
... Removed 27 stack frames</pre></div><a href='#' onClick='toggleBox("stack-trace26895827", this, "Click to show all stack frames", "Click to hide stack frames")'>Click to show all stack frames</a>
<div class='stack-trace' id='stack-trace26895827'><pre>java.lang.AssertionError: expected [true] but found [false]
	at org.testng.Assert.fail(Assert.java:94)
	at org.testng.Assert.failNotEquals(Assert.java:496)
	at org.testng.Assert.assertTrue(Assert.java:42)
	at org.testng.Assert.assertTrue(Assert.java:52)
	at test.java.com.MusicGroup.pagehelper.Product_Overview_Helper.verifyOverviewPage(Product_Overview_Helper.java:869)
	at test.java.com.MusicGroup.scripts.UnifiedTestCases.Product_Overview_Page.VerifyProductOverviewPage(Product_Overview_Page.java:58)
	at sun.reflect.NativeMethodAccessorImpl.invoke0(Native Method)
	at sun.reflect.NativeMethodAccessorImpl.invoke(NativeMethodAccessorImpl.java:62)
	at sun.reflect.DelegatingMethodAccessorImpl.invoke(DelegatingMethodAccessorImpl.java:43)
	at java.lang.reflect.Method.invoke(Method.java:497)
	at org.testng.internal.MethodInvocationHelper.invokeMethod(MethodInvocationHelper.java:85)
	at org.testng.internal.Invoker.invokeMethod(Invoker.java:639)
	at org.testng.internal.Invoker.invokeTestMethod(Invoker.java:816)
	at org.testng.internal.Invoker.invokeTestMethods(Invoker.java:1124)
	at org.testng.internal.TestMethodWorker.invokeTestMethods(TestMethodWorker.java:125)
	at org.testng.internal.TestMethodWorker.run(TestMethodWorker.java:108)
	at org.testng.TestRunner.privateRun(TestRunner.java:774)
	at org.testng.TestRunner.run(TestRunner.java:624)
	at org.testng.SuiteRunner.runTest(SuiteRunner.java:359)
	at org.testng.SuiteRunner.runSequentially(SuiteRunner.java:354)
	at org.testng.SuiteRunner.privateRun(SuiteRunner.java:312)
	at org.testng.SuiteRunner.run(SuiteRunner.java:261)
	at org.testng.SuiteRunnerWorker.runSuite(SuiteRunnerWorker.java:52)
	at org.testng.SuiteRunnerWorker.run(SuiteRunnerWorker.java:86)
	at org.testng.TestNG.runSuitesSequentially(TestNG.java:1215)
	at org.testng.TestNG.runSuitesLocally(TestNG.java:1140)
	at org.testng.TestNG.run(TestNG.java:1048)
	at org.testng.TestNG.privateMain(TestNG.java:1355)
	at org.testng.TestNG.main(TestNG.java:1324)
</pre></div></td>
<td>635</td>
<td>test.java.com.MusicGroup.scripts.UnifiedTestCases.Product_Overview_Page@88ff2c</td></tr>
<tr>
<td title='test.java.com.MusicGroup.scripts.UnifiedTestCases.Midas_OurStory2014.verifyMidas_OurStory2014Page()'><b>verifyMidas_OurStory2014Page</b><br>Test class: test.java.com.MusicGroup.scripts.UnifiedTestCases.Midas_OurStory2014<br/>
<a href="#Output-15433889" onClick='toggleBox("Output-15433889", this, "Show output", "Hide output");'>Show output</a>

<a href="#Output-15433889" onClick="toggleAllBoxes();">Show all outputs</a>
<div class='log' id="Output-15433889">
<a href= 'file://C:/Users/VireshT/Desktop/MusicGroup/SVN_Test/MusicGroup/screenshots/Midas_OurStoryPage2014//Midas_OurStoryPage20142016-04-29.jpg'target='_blank' >Midas_OurStoryPage20142016-04-29</a><br/>
</div>
</td>
<td><div><pre>java.lang.AssertionError: expected [true] but found [false]
	at test.java.com.MusicGroup.pagehelper.Midas_OurStory2014_Helper.verifyMidasOurStory2014Page(Midas_OurStory2014_Helper.java:542)
	at test.java.com.MusicGroup.scripts.UnifiedTestCases.Midas_OurStory2014.verifyMidas_OurStory2014Page(Midas_OurStory2014.java:34)
... Removed 27 stack frames</pre></div><a href='#' onClick='toggleBox("stack-trace15433889", this, "Click to show all stack frames", "Click to hide stack frames")'>Click to show all stack frames</a>
<div class='stack-trace' id='stack-trace15433889'><pre>java.lang.AssertionError: expected [true] but found [false]
	at org.testng.Assert.fail(Assert.java:94)
	at org.testng.Assert.failNotEquals(Assert.java:496)
	at org.testng.Assert.assertTrue(Assert.java:42)
	at org.testng.Assert.assertTrue(Assert.java:52)
	at test.java.com.MusicGroup.pagehelper.Midas_OurStory2014_Helper.verifyMidasOurStory2014Page(Midas_OurStory2014_Helper.java:542)
	at test.java.com.MusicGroup.scripts.UnifiedTestCases.Midas_OurStory2014.verifyMidas_OurStory2014Page(Midas_OurStory2014.java:34)
	at sun.reflect.NativeMethodAccessorImpl.invoke0(Native Method)
	at sun.reflect.NativeMethodAccessorImpl.invoke(NativeMethodAccessorImpl.java:62)
	at sun.reflect.DelegatingMethodAccessorImpl.invoke(DelegatingMethodAccessorImpl.java:43)
	at java.lang.reflect.Method.invoke(Method.java:497)
	at org.testng.internal.MethodInvocationHelper.invokeMethod(MethodInvocationHelper.java:85)
	at org.testng.internal.Invoker.invokeMethod(Invoker.java:639)
	at org.testng.internal.Invoker.invokeTestMethod(Invoker.java:816)
	at org.testng.internal.Invoker.invokeTestMethods(Invoker.java:1124)
	at org.testng.internal.TestMethodWorker.invokeTestMethods(TestMethodWorker.java:125)
	at org.testng.internal.TestMethodWorker.run(TestMethodWorker.java:108)
	at org.testng.TestRunner.privateRun(TestRunner.java:774)
	at org.testng.TestRunner.run(TestRunner.java:624)
	at org.testng.SuiteRunner.runTest(SuiteRunner.java:359)
	at org.testng.SuiteRunner.runSequentially(SuiteRunner.java:354)
	at org.testng.SuiteRunner.privateRun(SuiteRunner.java:312)
	at org.testng.SuiteRunner.run(SuiteRunner.java:261)
	at org.testng.SuiteRunnerWorker.runSuite(SuiteRunnerWorker.java:52)
	at org.testng.SuiteRunnerWorker.run(SuiteRunnerWorker.java:86)
	at org.testng.TestNG.runSuitesSequentially(TestNG.java:1215)
	at org.testng.TestNG.runSuitesLocally(TestNG.java:1140)
	at org.testng.TestNG.run(TestNG.java:1048)
	at org.testng.TestNG.privateMain(TestNG.java:1355)
	at org.testng.TestNG.main(TestNG.java:1324)
</pre></div></td>
<td>40</td>
<td>test.java.com.MusicGroup.scripts.UnifiedTestCases.Midas_OurStory2014@864e92</td></tr>
<tr>
<td title='test.java.com.MusicGroup.scripts.UnifiedTestCases.Product_Feature_Page.verifyProductFeaturePage()'><b>verifyProductFeaturePage</b><br>Test class: test.java.com.MusicGroup.scripts.UnifiedTestCases.Product_Feature_Page<br/>
<a href="#Output-8353701" onClick='toggleBox("Output-8353701", this, "Show output", "Hide output");'>Show output</a>

<a href="#Output-8353701" onClick="toggleAllBoxes();">Show all outputs</a>
<div class='log' id="Output-8353701">
<a href= 'file://C:/Users/VireshT/Desktop/MusicGroup/SVN_Test/MusicGroup/screenshots/TC_001_Product_Feature_Page//TC_001_Product_Feature_Page2016-04-29.jpg'target='_blank' >TC_001_Product_Feature_Page2016-04-29</a><br/>
</div>
</td>
<td><div><pre>java.lang.AssertionError: expected [true] but found [false]
	at test.java.com.MusicGroup.util.DriverHelper.clickOn(DriverHelper.java:222)
	at test.java.com.MusicGroup.pagehelper.Product_Feature_Helper.clickonProduct(Product_Feature_Helper.java:52)
	at test.java.com.MusicGroup.pagehelper.Product_Feature_Helper.ReachUptoFeaturePage(Product_Feature_Helper.java:73)
	at test.java.com.MusicGroup.pagehelper.Product_Feature_Helper.verifyFeaturePage(Product_Feature_Helper.java:82)
	at test.java.com.MusicGroup.scripts.UnifiedTestCases.Product_Feature_Page.verifyProductFeaturePage(Product_Feature_Page.java:50)
... Removed 27 stack frames</pre></div><a href='#' onClick='toggleBox("stack-trace8353701", this, "Click to show all stack frames", "Click to hide stack frames")'>Click to show all stack frames</a>
<div class='stack-trace' id='stack-trace8353701'><pre>java.lang.AssertionError: expected [true] but found [false]
	at org.testng.Assert.fail(Assert.java:94)
	at org.testng.Assert.failNotEquals(Assert.java:496)
	at org.testng.Assert.assertTrue(Assert.java:42)
	at org.testng.Assert.assertTrue(Assert.java:52)
	at test.java.com.MusicGroup.util.DriverHelper.clickOn(DriverHelper.java:222)
	at test.java.com.MusicGroup.pagehelper.Product_Feature_Helper.clickonProduct(Product_Feature_Helper.java:52)
	at test.java.com.MusicGroup.pagehelper.Product_Feature_Helper.ReachUptoFeaturePage(Product_Feature_Helper.java:73)
	at test.java.com.MusicGroup.pagehelper.Product_Feature_Helper.verifyFeaturePage(Product_Feature_Helper.java:82)
	at test.java.com.MusicGroup.scripts.UnifiedTestCases.Product_Feature_Page.verifyProductFeaturePage(Product_Feature_Page.java:50)
	at sun.reflect.NativeMethodAccessorImpl.invoke0(Native Method)
	at sun.reflect.NativeMethodAccessorImpl.invoke(NativeMethodAccessorImpl.java:62)
	at sun.reflect.DelegatingMethodAccessorImpl.invoke(DelegatingMethodAccessorImpl.java:43)
	at java.lang.reflect.Method.invoke(Method.java:497)
	at org.testng.internal.MethodInvocationHelper.invokeMethod(MethodInvocationHelper.java:85)
	at org.testng.internal.Invoker.invokeMethod(Invoker.java:639)
	at org.testng.internal.Invoker.invokeTestMethod(Invoker.java:816)
	at org.testng.internal.Invoker.invokeTestMethods(Invoker.java:1124)
	at org.testng.internal.TestMethodWorker.invokeTestMethods(TestMethodWorker.java:125)
	at org.testng.internal.TestMethodWorker.run(TestMethodWorker.java:108)
	at org.testng.TestRunner.privateRun(TestRunner.java:774)
	at org.testng.TestRunner.run(TestRunner.java:624)
	at org.testng.SuiteRunner.runTest(SuiteRunner.java:359)
	at org.testng.SuiteRunner.runSequentially(SuiteRunner.java:354)
	at org.testng.SuiteRunner.privateRun(SuiteRunner.java:312)
	at org.testng.SuiteRunner.run(SuiteRunner.java:261)
	at org.testng.SuiteRunnerWorker.runSuite(SuiteRunnerWorker.java:52)
	at org.testng.SuiteRunnerWorker.run(SuiteRunnerWorker.java:86)
	at org.testng.TestNG.runSuitesSequentially(TestNG.java:1215)
	at org.testng.TestNG.runSuitesLocally(TestNG.java:1140)
	at org.testng.TestNG.run(TestNG.java:1048)
	at org.testng.TestNG.privateMain(TestNG.java:1355)
	at org.testng.TestNG.main(TestNG.java:1324)
</pre></div></td>
<td>688</td>
<td>test.java.com.MusicGroup.scripts.UnifiedTestCases.Product_Feature_Page@3c1e69</td></tr>
</table><p>
<table width='100%' border='1' class='invocation-passed'>
<tr><td colspan='4' align='center'><b>PASSED TESTS</b></td></tr>
<tr><td><b>Test method</b></td>
<td width="30%"><b>Exception</b></td>
<td width="10%"><b>Time (seconds)</b></td>
<td><b>Instance</b></td>
</tr>
<tr>
<td title='test.java.com.MusicGroup.scripts.B2BTestCases.B2B_ForgotPasswordPage.B2BStoreAccount()'><b>B2BStoreAccount</b><br>Test class: test.java.com.MusicGroup.scripts.B2BTestCases.B2B_ForgotPasswordPage</td>
<td></td>
<td>25</td>
<td>test.java.com.MusicGroup.scripts.B2BTestCases.B2B_ForgotPasswordPage@33ce2c</td></tr>
<tr>
<td title='test.java.com.MusicGroup.scripts.B2BTestCases.VerifyB2BCheckOutPage.CheckoutPage()'><b>CheckoutPage</b><br>Test class: test.java.com.MusicGroup.scripts.B2BTestCases.VerifyB2BCheckOutPage</td>
<td></td>
<td>227</td>
<td>test.java.com.MusicGroup.scripts.B2BTestCases.VerifyB2BCheckOutPage@d5c04e</td></tr>
<tr>
<td title='test.java.com.MusicGroup.scripts.UnifiedTestCases.Enterprise_And_Entertainment.EnterpriseEntertainment()'><b>EnterpriseEntertainment</b><br>Test class: test.java.com.MusicGroup.scripts.UnifiedTestCases.Enterprise_And_Entertainment</td>
<td></td>
<td>8</td>
<td>test.java.com.MusicGroup.scripts.UnifiedTestCases.Enterprise_And_Entertainment@9d209a</td></tr>
<tr>
<td title='test.java.com.MusicGroup.scripts.B2BTestCases.Login_B2B.loginB2B()'><b>loginB2B</b><br>Test class: test.java.com.MusicGroup.scripts.B2BTestCases.Login_B2B</td>
<td></td>
<td>163</td>
<td>test.java.com.MusicGroup.scripts.B2BTestCases.Login_B2B@a6d14e</td></tr>
<tr>
<td title='test.java.com.MusicGroup.scripts.UnifiedTestCases.Download_Center.verifyDownload_CenterPage()'><b>verifyDownload_CenterPage</b><br>Test class: test.java.com.MusicGroup.scripts.UnifiedTestCases.Download_Center</td>
<td></td>
<td>39</td>
<td>test.java.com.MusicGroup.scripts.UnifiedTestCases.Download_Center@1851384</td></tr>
<tr>
<td title='test.java.com.MusicGroup.scripts.UnifiedTestCases.SHMEP_328.verifyFooterSection()'><b>verifyFooterSection</b><br>Test class: test.java.com.MusicGroup.scripts.UnifiedTestCases.SHMEP_328</td>
<td></td>
<td>132</td>
<td>test.java.com.MusicGroup.scripts.UnifiedTestCases.SHMEP_328@dca536</td></tr>
<tr>
<td title='test.java.com.MusicGroup.scripts.UnifiedTestCases.Midas_OurStory2008.verifyMidas_OurStory2004Page()'><b>verifyMidas_OurStory2004Page</b><br>Test class: test.java.com.MusicGroup.scripts.UnifiedTestCases.Midas_OurStory2008</td>
<td></td>
<td>22</td>
<td>test.java.com.MusicGroup.scripts.UnifiedTestCases.Midas_OurStory2008@107ec20</td></tr>
<tr>
<td title='test.java.com.MusicGroup.scripts.UnifiedTestCases.Midas_OurStory2006.verifyMidas_OurStory2006Page()'><b>verifyMidas_OurStory2006Page</b><br>Test class: test.java.com.MusicGroup.scripts.UnifiedTestCases.Midas_OurStory2006</td>
<td></td>
<td>47</td>
<td>test.java.com.MusicGroup.scripts.UnifiedTestCases.Midas_OurStory2006@ee9593</td></tr>
<tr>
<td title='test.java.com.MusicGroup.scripts.UnifiedTestCases.Midas_OurStory2009.verifyMidas_OurStory2009Page()'><b>verifyMidas_OurStory2009Page</b><br>Test class: test.java.com.MusicGroup.scripts.UnifiedTestCases.Midas_OurStory2009</td>
<td></td>
<td>44</td>
<td>test.java.com.MusicGroup.scripts.UnifiedTestCases.Midas_OurStory2009@6a03af</td></tr>
<tr>
<td title='test.java.com.MusicGroup.scripts.UnifiedTestCases.Midas_OurStory2011.verifyMidas_OurStory2011Page()'><b>verifyMidas_OurStory2011Page</b><br>Test class: test.java.com.MusicGroup.scripts.UnifiedTestCases.Midas_OurStory2011</td>
<td></td>
<td>23</td>
<td>test.java.com.MusicGroup.scripts.UnifiedTestCases.Midas_OurStory2011@1e0f4f</td></tr>
</table><p>
</body>
</html>