<?xml version="1.0" encoding="UTF-8"?>
<!-- Generated by org.testng.reporters.JUnitXMLReporter -->
<testsuite hostname="VireshT-PC" name="CrossTest2" tests="15" failures="5" timestamp="29 Apr 2016 17:35:58 GMT" time="2923.149" errors="0">
  <testcase name="verifyMidas_OurStory2006Page" time="47.782" classname="test.java.com.MusicGroup.scripts.UnifiedTestCases.Midas_OurStory2006"/>
  <testcase name="verifyMidas_OurStory2004Page" time="22.369" classname="test.java.com.MusicGroup.scripts.UnifiedTestCases.Midas_OurStory2008"/>
  <testcase name="verifyMidas_OurStory2009Page" time="44.586" classname="test.java.com.MusicGroup.scripts.UnifiedTestCases.Midas_OurStory2009"/>
  <testcase name="verifyMidas_OurStory2011Page" time="23.918" classname="test.java.com.MusicGroup.scripts.UnifiedTestCases.Midas_OurStory2011"/>
  <testcase name="verifyMidas_OurStory2014Page" time="40.118" classname="test.java.com.MusicGroup.scripts.UnifiedTestCases.Midas_OurStory2014">
    <failure type="java.lang.AssertionError" message="expected [true] but found [false]">
      <![CDATA[java.lang.AssertionError: expected [true] but found [false]
	at test.java.com.MusicGroup.pagehelper.Midas_OurStory2014_Helper.verifyMidasOurStory2014Page(Midas_OurStory2014_Helper.java:542)
	at test.java.com.MusicGroup.scripts.UnifiedTestCases.Midas_OurStory2014.verifyMidas_OurStory2014Page(Midas_OurStory2014.java:34)
... Removed 27 stack frames]]>
    </failure>
  </testcase> <!-- verifyMidas_OurStory2014Page -->
  <testcase name="loginB2B" time="163.403" classname="test.java.com.MusicGroup.scripts.B2BTestCases.Login_B2B"/>
  <testcase name="CheckoutPage" time="227.951" classname="test.java.com.MusicGroup.scripts.B2BTestCases.VerifyB2BCheckOutPage"/>
  <testcase name="B2BStoreAccount" time="25.339" classname="test.java.com.MusicGroup.scripts.B2BTestCases.B2B_ForgotPasswordPage"/>
  <testcase name="ProductReviewCartB2B" time="193.713" classname="test.java.com.MusicGroup.scripts.B2BTestCases.B2B_ProductDetailPage">
    <failure type="java.lang.AssertionError" message="expected [true] but found [false]">
      <![CDATA[java.lang.AssertionError: expected [true] but found [false]
	at test.java.com.MusicGroup.pagehelper.B2B_ProductDetailPage_Helper.verifyproductdetailpage(B2B_ProductDetailPage_Helper.java:1139)
	at test.java.com.MusicGroup.scripts.B2BTestCases.B2B_ProductDetailPage.ProductReviewCartB2B(B2B_ProductDetailPage.java:68)
... Removed 27 stack frames]]>
    </failure>
  </testcase> <!-- ProductReviewCartB2B -->
  <testcase name="SearchResultPageB2B" time="289.926" classname="test.java.com.MusicGroup.scripts.B2BTestCases.B2B_SearchResultPage">
    <failure type="java.lang.AssertionError" message="expected [true] but found [false]">
      <![CDATA[java.lang.AssertionError: expected [true] but found [false]
	at test.java.com.MusicGroup.pagehelper.B2B_SearchResult_Helper.verifySearchResult(B2B_SearchResult_Helper.java:383)
	at test.java.com.MusicGroup.scripts.B2BTestCases.B2B_SearchResultPage.SearchResultPageB2B(B2B_SearchResultPage.java:68)
... Removed 27 stack frames]]>
    </failure>
  </testcase> <!-- SearchResultPageB2B -->
  <testcase name="verifyProductFeaturePage" time="688.428" classname="test.java.com.MusicGroup.scripts.UnifiedTestCases.Product_Feature_Page">
    <failure type="java.lang.AssertionError" message="expected [true] but found [false]">
      <![CDATA[java.lang.AssertionError: expected [true] but found [false]
	at test.java.com.MusicGroup.util.DriverHelper.clickOn(DriverHelper.java:222)
	at test.java.com.MusicGroup.pagehelper.Product_Feature_Helper.clickonProduct(Product_Feature_Helper.java:52)
	at test.java.com.MusicGroup.pagehelper.Product_Feature_Helper.ReachUptoFeaturePage(Product_Feature_Helper.java:73)
	at test.java.com.MusicGroup.pagehelper.Product_Feature_Helper.verifyFeaturePage(Product_Feature_Helper.java:82)
	at test.java.com.MusicGroup.scripts.UnifiedTestCases.Product_Feature_Page.verifyProductFeaturePage(Product_Feature_Page.java:50)
... Removed 27 stack frames]]>
    </failure>
  </testcase> <!-- verifyProductFeaturePage -->
  <testcase name="VerifyProductOverviewPage" time="635.074" classname="test.java.com.MusicGroup.scripts.UnifiedTestCases.Product_Overview_Page">
    <failure type="java.lang.AssertionError" message="expected [true] but found [false]">
      <![CDATA[java.lang.AssertionError: expected [true] but found [false]
	at test.java.com.MusicGroup.pagehelper.Product_Overview_Helper.verifyOverviewPage(Product_Overview_Helper.java:869)
	at test.java.com.MusicGroup.scripts.UnifiedTestCases.Product_Overview_Page.VerifyProductOverviewPage(Product_Overview_Page.java:58)
... Removed 27 stack frames]]>
    </failure>
  </testcase> <!-- VerifyProductOverviewPage -->
  <testcase name="verifyDownload_CenterPage" time="39.814" classname="test.java.com.MusicGroup.scripts.UnifiedTestCases.Download_Center"/>
  <testcase name="EnterpriseEntertainment" time="8.289" classname="test.java.com.MusicGroup.scripts.UnifiedTestCases.Enterprise_And_Entertainment"/>
  <testcase name="verifyFooterSection" time="132.997" classname="test.java.com.MusicGroup.scripts.UnifiedTestCases.SHMEP_328"/>
</testsuite> <!-- CrossTest2 -->
