
*****************************************************************************
Apr 08,2016 11:19:17 [info]   Execution Started of Test Class test.java.com.MusicGroup.scripts.UnifiedTestCases.Midas_OurStory1986 and Test method verifyMidas_OurStory1986Page
*****************************************************************************
Apr 08,2016 11:21:20 [info]  Midas Training page verified successfully.

*****************************************************************************
Apr 08,2016 11:21:54 [info]   Execution Started of Test Class test.java.com.MusicGroup.scripts.UnifiedTestCases.Midas_OurStory1987 and Test method verifyMidas_OurStory1987Page
*****************************************************************************
Apr 08,2016 11:22:40 [info]  Midas Training page verified successfully.

*****************************************************************************
Apr 08,2016 11:34:21 [info]   Execution Started of Test Class test.java.com.MusicGroup.scripts.UnifiedTestCases.Midas_OurStory1970 and Test method verifyMidas_OurStory1970Page
*****************************************************************************
Apr 08,2016 11:35:11 [info]  Midas Training page verified successfully.

*****************************************************************************
Apr 08,2016 11:35:44 [info]   Execution Started of Test Class test.java.com.MusicGroup.scripts.UnifiedTestCases.Midas_OurStory1974 and Test method verifyMidas_OurStory1974Page
*****************************************************************************
Apr 08,2016 11:36:52 [info]  Midas Training page verified successfully.

*****************************************************************************
Apr 08,2016 11:37:30 [info]   Execution Started of Test Class test.java.com.MusicGroup.scripts.UnifiedTestCases.Midas_OurStory1986 and Test method verifyMidas_OurStory1986Page
*****************************************************************************
Apr 08,2016 11:39:51 [info]  Midas Training page verified successfully.

*****************************************************************************
Apr 08,2016 11:40:25 [info]   Execution Started of Test Class test.java.com.MusicGroup.scripts.UnifiedTestCases.Midas_OurStory1987 and Test method verifyMidas_OurStory1987Page
*****************************************************************************
Apr 08,2016 11:41:20 [info]  Midas Training page verified successfully.

*****************************************************************************
Apr 08,2016 11:41:53 [info]   Execution Started of Test Class test.java.com.MusicGroup.scripts.UnifiedTestCases.Midas_OurStory1990 and Test method verifyMidas_OurStory1990Page
*****************************************************************************
Apr 08,2016 11:42:57 [info]  Midas Training page verified successfully.

*****************************************************************************
Apr 08,2016 11:43:27 [info]   Execution Started of Test Class test.java.com.MusicGroup.scripts.UnifiedTestCases.Midas_OurStory1995 and Test method verifyMidas_OurStory1990Page
*****************************************************************************
Apr 08,2016 11:45:49 [info]  Midas Training page verified successfully.

*****************************************************************************
Apr 08,2016 11:46:30 [info]   Execution Started of Test Class test.java.com.MusicGroup.scripts.UnifiedTestCases.Midas_OurStory1996 and Test method verifyMidas_OurStory1996Page
*****************************************************************************
Apr 08,2016 11:47:35 [info]  Midas Training page verified successfully.

*****************************************************************************
Apr 08,2016 11:48:07 [info]   Execution Started of Test Class test.java.com.MusicGroup.scripts.UnifiedTestCases.Midas_OurStory1998 and Test method verifyMidas_OurStory1998Page
*****************************************************************************
Apr 08,2016 11:48:56 [info]  Midas Training page verified successfully.

*****************************************************************************
Apr 08,2016 11:49:37 [info]   Execution Started of Test Class test.java.com.MusicGroup.scripts.UnifiedTestCases.Midas_OurStory2002 and Test method verifyMidas_OurStory2002Page
*****************************************************************************
Apr 08,2016 11:50:33 [info]  Midas Training page verified successfully.

*****************************************************************************
Apr 08,2016 11:51:05 [info]   Execution Started of Test Class test.java.com.MusicGroup.scripts.UnifiedTestCases.Midas_OurStory2003 and Test method verifyMidas_OurStory2003Page
*****************************************************************************
Apr 08,2016 11:52:07 [info]  Midas Training page verified successfully.

*****************************************************************************
Apr 08,2016 11:52:48 [info]   Execution Started of Test Class test.java.com.MusicGroup.scripts.UnifiedTestCases.Midas_OurStory2004 and Test method verifyMidas_OurStory2004Page
*****************************************************************************
Apr 08,2016 11:55:17 [info]  Midas Training page verified successfully.

*****************************************************************************
Apr 08,2016 11:55:50 [info]   Execution Started of Test Class test.java.com.MusicGroup.scripts.UnifiedTestCases.Midas_OurStory2006 and Test method verifyMidas_OurStory2006Page
*****************************************************************************
Apr 08,2016 11:57:40 [info]  Midas Training page verified successfully.

*****************************************************************************
Apr 08,2016 11:58:15 [info]   Execution Started of Test Class test.java.com.MusicGroup.scripts.UnifiedTestCases.Midas_OurStory2008 and Test method verifyMidas_OurStory2004Page
*****************************************************************************
Apr 08,2016 11:59:03 [info]  Midas Training page verified successfully.

*****************************************************************************
Apr 08,2016 11:59:29 [info]   Execution Started of Test Class test.java.com.MusicGroup.scripts.UnifiedTestCases.Midas_OurStory2009 and Test method verifyMidas_OurStory2009Page
*****************************************************************************
Apr 08,2016 12:01:01 [info]  Midas Training page verified successfully.

*****************************************************************************
Apr 08,2016 12:01:31 [info]   Execution Started of Test Class test.java.com.MusicGroup.scripts.UnifiedTestCases.Midas_OurStory2011 and Test method verifyMidas_OurStory2011Page
*****************************************************************************
Apr 08,2016 12:02:35 [info]  Midas Training page verified successfully.

*****************************************************************************
Apr 08,2016 12:03:01 [info]   Execution Started of Test Class test.java.com.MusicGroup.scripts.UnifiedTestCases.Midas_OurStory2014 and Test method verifyMidas_OurStory2014Page
*****************************************************************************
Apr 08,2016 12:04:28 [info]  Apr 08,2016 12:04:28 [info]  <<<<<<<<<<<<<<<<<<<<<<<<<<<<<<<<<< Error message >>>>>>>>>>>>>>>>>>>>>>>>>>>>>>
java.lang.AssertionError: expected [true] but found [false]
	at org.testng.Assert.fail(Assert.java:94)
	at org.testng.Assert.failNotEquals(Assert.java:496)
	at org.testng.Assert.assertTrue(Assert.java:42)
	at org.testng.Assert.assertTrue(Assert.java:52)
	at test.java.com.MusicGroup.pagehelper.Midas_OurStory2014_Helper.verifyMidasOurStory2014Page(Midas_OurStory2014_Helper.java:542)
	at test.java.com.MusicGroup.scripts.UnifiedTestCases.Midas_OurStory2014.verifyMidas_OurStory2014Page(Midas_OurStory2014.java:34)
	at sun.reflect.NativeMethodAccessorImpl.invoke0(Native Method)
	at sun.reflect.NativeMethodAccessorImpl.invoke(NativeMethodAccessorImpl.java:62)
	at sun.reflect.DelegatingMethodAccessorImpl.invoke(DelegatingMethodAccessorImpl.java:43)
	at java.lang.reflect.Method.invoke(Method.java:497)
	at org.testng.internal.MethodInvocationHelper.invokeMethod(MethodInvocationHelper.java:85)
	at org.testng.internal.Invoker.invokeMethod(Invoker.java:639)
	at org.testng.internal.Invoker.invokeTestMethod(Invoker.java:816)
	at org.testng.internal.Invoker.invokeTestMethods(Invoker.java:1124)
	at org.testng.internal.TestMethodWorker.invokeTestMethods(TestMethodWorker.java:125)
	at org.testng.internal.TestMethodWorker.run(TestMethodWorker.java:108)
	at org.testng.TestRunner.privateRun(TestRunner.java:774)
	at org.testng.TestRunner.run(TestRunner.java:624)
	at org.testng.SuiteRunner.runTest(SuiteRunner.java:359)
	at org.testng.SuiteRunner.runSequentially(SuiteRunner.java:354)
	at org.testng.SuiteRunner.privateRun(SuiteRunner.java:312)
	at org.testng.SuiteRunner.run(SuiteRunner.java:261)
	at org.testng.SuiteRunnerWorker.runSuite(SuiteRunnerWorker.java:52)
	at org.testng.SuiteRunnerWorker.run(SuiteRunnerWorker.java:86)
	at org.testng.TestNG.runSuitesSequentially(TestNG.java:1215)
	at org.testng.TestNG.runSuitesLocally(TestNG.java:1140)
	at org.testng.TestNG.run(TestNG.java:1048)
	at org.testng.TestNG.privateMain(TestNG.java:1355)
	at org.testng.TestNG.main(TestNG.java:1324)

*****************************************************************************
Apr 08,2016 12:04:52 [info]   Execution Started of Test Class test.java.com.MusicGroup.scripts.B2BTestCases.Login_B2B and Test method loginB2B
*****************************************************************************
Apr 08,2016 12:05:08 [info]  Navigated to B2B store successfully.
Apr 08,2016 12:07:30 [info]  Login into application successfully.

*****************************************************************************
Apr 08,2016 12:07:59 [info]   Execution Started of Test Class test.java.com.MusicGroup.scripts.B2BTestCases.B2B_PlaceOrder_SingleProduct and Test method ProductReviewCartB2B
*****************************************************************************
Apr 08,2016 12:08:16 [info]  Navigated to B2B store successfully.
Apr 08,2016 12:10:50 [info]  Login into application successfully.
Apr 08,2016 12:15:48 [info]  Apr 08,2016 12:15:48 [info]  <<<<<<<<<<<<<<<<<<<<<<<<<<<<<<<<<< Error message >>>>>>>>>>>>>>>>>>>>>>>>>>>>>>
org.openqa.selenium.WebDriverException: Element is not clickable at point (794.9833374023438, 10.5). Other element would receive the click: <div style="display: block;" id="cboxOverlay"></div>
Command duration or timeout: 120 milliseconds
Build info: version: '2.52.0', revision: '4c2593c', time: '2016-02-11 19:06:42'
System info: host: 'VireshT-PC', ip: '10.124.102.205', os.name: 'Windows 7', os.arch: 'x86', os.version: '6.1', java.version: '1.8.0_45'
Driver info: org.openqa.selenium.firefox.FirefoxDriver
Capabilities [{applicationCacheEnabled=true, rotatable=false, handlesAlerts=true, databaseEnabled=true, version=44.0.2, platform=WINDOWS, nativeEvents=false, acceptSslCerts=true, webStorageEnabled=true, locationContextEnabled=true, browserName=firefox, takesScreenshot=true, javascriptEnabled=true, cssSelectorsEnabled=true}]
Session ID: 14cad77f-bea6-4246-ad8b-18a93e831333
	at sun.reflect.NativeConstructorAccessorImpl.newInstance0(Native Method)
	at sun.reflect.NativeConstructorAccessorImpl.newInstance(NativeConstructorAccessorImpl.java:62)
	at sun.reflect.DelegatingConstructorAccessorImpl.newInstance(DelegatingConstructorAccessorImpl.java:45)
	at java.lang.reflect.Constructor.newInstance(Constructor.java:422)
	at org.openqa.selenium.remote.ErrorHandler.createThrowable(ErrorHandler.java:206)
	at org.openqa.selenium.remote.ErrorHandler.throwIfResponseFailed(ErrorHandler.java:158)
	at org.openqa.selenium.remote.RemoteWebDriver.execute(RemoteWebDriver.java:678)
	at org.openqa.selenium.remote.RemoteWebElement.execute(RemoteWebElement.java:327)
	at org.openqa.selenium.remote.RemoteWebElement.click(RemoteWebElement.java:85)
	at test.java.com.MusicGroup.util.DriverHelper.clickOn(DriverHelper.java:222)
	at test.java.com.MusicGroup.pagehelper.B2B_PlaceOrder_SingleProduct_Helper.ClickWelcomeIcon(B2B_PlaceOrder_SingleProduct_Helper.java:164)
	at test.java.com.MusicGroup.pagehelper.B2B_PlaceOrder_SingleProduct_Helper.verifyuploadcart(B2B_PlaceOrder_SingleProduct_Helper.java:837)
	at test.java.com.MusicGroup.scripts.B2BTestCases.B2B_PlaceOrder_SingleProduct.ProductReviewCartB2B(B2B_PlaceOrder_SingleProduct.java:74)
	at sun.reflect.NativeMethodAccessorImpl.invoke0(Native Method)
	at sun.reflect.NativeMethodAccessorImpl.invoke(NativeMethodAccessorImpl.java:62)
	at sun.reflect.DelegatingMethodAccessorImpl.invoke(DelegatingMethodAccessorImpl.java:43)
	at java.lang.reflect.Method.invoke(Method.java:497)
	at org.testng.internal.MethodInvocationHelper.invokeMethod(MethodInvocationHelper.java:85)
	at org.testng.internal.Invoker.invokeMethod(Invoker.java:639)
	at org.testng.internal.Invoker.invokeTestMethod(Invoker.java:816)
	at org.testng.internal.Invoker.invokeTestMethods(Invoker.java:1124)
	at org.testng.internal.TestMethodWorker.invokeTestMethods(TestMethodWorker.java:125)
	at org.testng.internal.TestMethodWorker.run(TestMethodWorker.java:108)
	at org.testng.TestRunner.privateRun(TestRunner.java:774)
	at org.testng.TestRunner.run(TestRunner.java:624)
	at org.testng.SuiteRunner.runTest(SuiteRunner.java:359)
	at org.testng.SuiteRunner.runSequentially(SuiteRunner.java:354)
	at org.testng.SuiteRunner.privateRun(SuiteRunner.java:312)
	at org.testng.SuiteRunner.run(SuiteRunner.java:261)
	at org.testng.SuiteRunnerWorker.runSuite(SuiteRunnerWorker.java:52)
	at org.testng.SuiteRunnerWorker.run(SuiteRunnerWorker.java:86)
	at org.testng.TestNG.runSuitesSequentially(TestNG.java:1215)
	at org.testng.TestNG.runSuitesLocally(TestNG.java:1140)
	at org.testng.TestNG.run(TestNG.java:1048)
	at org.testng.TestNG.privateMain(TestNG.java:1355)
	at org.testng.TestNG.main(TestNG.java:1324)

*****************************************************************************
Apr 08,2016 12:16:23 [info]   Execution Started of Test Class test.java.com.MusicGroup.scripts.B2BTestCases.VerifyB2BCheckOutPage and Test method CheckoutPage
*****************************************************************************
Apr 08,2016 12:16:47 [info]  Navigated to B2B store successfully.
Apr 08,2016 12:20:42 [info]  Apr 08,2016 12:20:42 [info]  <<<<<<<<<<<<<<<<<<<<<<<<<<<<<<<<<< Error message >>>>>>>>>>>>>>>>>>>>>>>>>>>>>>
java.lang.AssertionError: expected [false] but found [true]
	at org.testng.Assert.fail(Assert.java:94)
	at org.testng.Assert.failNotEquals(Assert.java:496)
	at org.testng.Assert.assertEquals(Assert.java:125)
	at org.testng.Assert.assertEquals(Assert.java:178)
	at org.testng.Assert.assertEquals(Assert.java:188)
	at test.java.com.MusicGroup.pagehelper.VerifyB2BCheckoutPage_Helper.VerifyOrderSuccessPage(VerifyB2BCheckoutPage_Helper.java:523)
	at test.java.com.MusicGroup.pagehelper.VerifyB2BCheckoutPage_Helper.VerifyCheckout(VerifyB2BCheckoutPage_Helper.java:535)
	at test.java.com.MusicGroup.scripts.B2BTestCases.VerifyB2BCheckOutPage.CheckoutPage(VerifyB2BCheckOutPage.java:30)
	at sun.reflect.NativeMethodAccessorImpl.invoke0(Native Method)
	at sun.reflect.NativeMethodAccessorImpl.invoke(NativeMethodAccessorImpl.java:62)
	at sun.reflect.DelegatingMethodAccessorImpl.invoke(DelegatingMethodAccessorImpl.java:43)
	at java.lang.reflect.Method.invoke(Method.java:497)
	at org.testng.internal.MethodInvocationHelper.invokeMethod(MethodInvocationHelper.java:85)
	at org.testng.internal.Invoker.invokeMethod(Invoker.java:639)
	at org.testng.internal.Invoker.invokeTestMethod(Invoker.java:816)
	at org.testng.internal.Invoker.invokeTestMethods(Invoker.java:1124)
	at org.testng.internal.TestMethodWorker.invokeTestMethods(TestMethodWorker.java:125)
	at org.testng.internal.TestMethodWorker.run(TestMethodWorker.java:108)
	at org.testng.TestRunner.privateRun(TestRunner.java:774)
	at org.testng.TestRunner.run(TestRunner.java:624)
	at org.testng.SuiteRunner.runTest(SuiteRunner.java:359)
	at org.testng.SuiteRunner.runSequentially(SuiteRunner.java:354)
	at org.testng.SuiteRunner.privateRun(SuiteRunner.java:312)
	at org.testng.SuiteRunner.run(SuiteRunner.java:261)
	at org.testng.SuiteRunnerWorker.runSuite(SuiteRunnerWorker.java:52)
	at org.testng.SuiteRunnerWorker.run(SuiteRunnerWorker.java:86)
	at org.testng.TestNG.runSuitesSequentially(TestNG.java:1215)
	at org.testng.TestNG.runSuitesLocally(TestNG.java:1140)
	at org.testng.TestNG.run(TestNG.java:1048)
	at org.testng.TestNG.privateMain(TestNG.java:1355)
	at org.testng.TestNG.main(TestNG.java:1324)

*****************************************************************************
Apr 08,2016 12:21:16 [info]   Execution Started of Test Class test.java.com.MusicGroup.scripts.B2BTestCases.B2B_ForgotPasswordPage and Test method B2BStoreAccount
*****************************************************************************
Apr 08,2016 12:21:33 [info]  Navigated to B2B store successfully.
Apr 08,2016 12:22:04 [info]  Login into application successfully.

*****************************************************************************
Apr 08,2016 12:22:32 [info]   Execution Started of Test Class test.java.com.MusicGroup.scripts.B2BTestCases.B2B_ProductDetailPage and Test method ProductReviewCartB2B
*****************************************************************************
Apr 08,2016 12:22:47 [info]  Navigated to B2B store successfully.
Apr 08,2016 12:23:31 [info]  Login into application successfully.
Apr 08,2016 12:35:11 [info]  Apr 08,2016 12:35:11 [info]  <<<<<<<<<<<<<<<<<<<<<<<<<<<<<<<<<< Error message >>>>>>>>>>>>>>>>>>>>>>>>>>>>>>
java.lang.AssertionError: expected [true] but found [false]
	at org.testng.Assert.fail(Assert.java:94)
	at org.testng.Assert.failNotEquals(Assert.java:496)
	at org.testng.Assert.assertTrue(Assert.java:42)
	at org.testng.Assert.assertTrue(Assert.java:52)
	at test.java.com.MusicGroup.util.DriverHelper.clickOn(DriverHelper.java:220)
	at test.java.com.MusicGroup.pagehelper.B2B_ProductDetailPage_Helper.ClickBehringerx32Product(B2B_ProductDetailPage_Helper.java:40)
	at test.java.com.MusicGroup.pagehelper.B2B_ProductDetailPage_Helper.ReachUptoCreationHomePage(B2B_ProductDetailPage_Helper.java:59)
	at test.java.com.MusicGroup.pagehelper.B2B_ProductDetailPage_Helper.verifyproductdetailpage(B2B_ProductDetailPage_Helper.java:67)
	at test.java.com.MusicGroup.scripts.B2BTestCases.B2B_ProductDetailPage.ProductReviewCartB2B(B2B_ProductDetailPage.java:68)
	at sun.reflect.NativeMethodAccessorImpl.invoke0(Native Method)
	at sun.reflect.NativeMethodAccessorImpl.invoke(NativeMethodAccessorImpl.java:62)
	at sun.reflect.DelegatingMethodAccessorImpl.invoke(DelegatingMethodAccessorImpl.java:43)
	at java.lang.reflect.Method.invoke(Method.java:497)
	at org.testng.internal.MethodInvocationHelper.invokeMethod(MethodInvocationHelper.java:85)
	at org.testng.internal.Invoker.invokeMethod(Invoker.java:639)
	at org.testng.internal.Invoker.invokeTestMethod(Invoker.java:816)
	at org.testng.internal.Invoker.invokeTestMethods(Invoker.java:1124)
	at org.testng.internal.TestMethodWorker.invokeTestMethods(TestMethodWorker.java:125)
	at org.testng.internal.TestMethodWorker.run(TestMethodWorker.java:108)
	at org.testng.TestRunner.privateRun(TestRunner.java:774)
	at org.testng.TestRunner.run(TestRunner.java:624)
	at org.testng.SuiteRunner.runTest(SuiteRunner.java:359)
	at org.testng.SuiteRunner.runSequentially(SuiteRunner.java:354)
	at org.testng.SuiteRunner.privateRun(SuiteRunner.java:312)
	at org.testng.SuiteRunner.run(SuiteRunner.java:261)
	at org.testng.SuiteRunnerWorker.runSuite(SuiteRunnerWorker.java:52)
	at org.testng.SuiteRunnerWorker.run(SuiteRunnerWorker.java:86)
	at org.testng.TestNG.runSuitesSequentially(TestNG.java:1215)
	at org.testng.TestNG.runSuitesLocally(TestNG.java:1140)
	at org.testng.TestNG.run(TestNG.java:1048)
	at org.testng.TestNG.privateMain(TestNG.java:1355)
	at org.testng.TestNG.main(TestNG.java:1324)

*****************************************************************************
Apr 08,2016 12:35:46 [info]   Execution Started of Test Class test.java.com.MusicGroup.scripts.B2BTestCases.B2B_SearchResultPage and Test method SearchResultPageB2B
*****************************************************************************
Apr 08,2016 12:36:05 [info]  Navigated to B2B store successfully.
Apr 08,2016 12:38:31 [info]  Login into application successfully.
Apr 08,2016 12:39:00 [info]  Apr 08,2016 12:39:00 [info]  <<<<<<<<<<<<<<<<<<<<<<<<<<<<<<<<<< Error message >>>>>>>>>>>>>>>>>>>>>>>>>>>>>>
java.lang.AssertionError: expected [true] but found [false]
	at org.testng.Assert.fail(Assert.java:94)
	at org.testng.Assert.failNotEquals(Assert.java:496)
	at org.testng.Assert.assertTrue(Assert.java:42)
	at org.testng.Assert.assertTrue(Assert.java:52)
	at test.java.com.MusicGroup.pagehelper.B2B_SearchResult_Helper.verifySearchResult(B2B_SearchResult_Helper.java:360)
	at test.java.com.MusicGroup.scripts.B2BTestCases.B2B_SearchResultPage.SearchResultPageB2B(B2B_SearchResultPage.java:68)
	at sun.reflect.NativeMethodAccessorImpl.invoke0(Native Method)
	at sun.reflect.NativeMethodAccessorImpl.invoke(NativeMethodAccessorImpl.java:62)
	at sun.reflect.DelegatingMethodAccessorImpl.invoke(DelegatingMethodAccessorImpl.java:43)
	at java.lang.reflect.Method.invoke(Method.java:497)
	at org.testng.internal.MethodInvocationHelper.invokeMethod(MethodInvocationHelper.java:85)
	at org.testng.internal.Invoker.invokeMethod(Invoker.java:639)
	at org.testng.internal.Invoker.invokeTestMethod(Invoker.java:816)
	at org.testng.internal.Invoker.invokeTestMethods(Invoker.java:1124)
	at org.testng.internal.TestMethodWorker.invokeTestMethods(TestMethodWorker.java:125)
	at org.testng.internal.TestMethodWorker.run(TestMethodWorker.java:108)
	at org.testng.TestRunner.privateRun(TestRunner.java:774)
	at org.testng.TestRunner.run(TestRunner.java:624)
	at org.testng.SuiteRunner.runTest(SuiteRunner.java:359)
	at org.testng.SuiteRunner.runSequentially(SuiteRunner.java:354)
	at org.testng.SuiteRunner.privateRun(SuiteRunner.java:312)
	at org.testng.SuiteRunner.run(SuiteRunner.java:261)
	at org.testng.SuiteRunnerWorker.runSuite(SuiteRunnerWorker.java:52)
	at org.testng.SuiteRunnerWorker.run(SuiteRunnerWorker.java:86)
	at org.testng.TestNG.runSuitesSequentially(TestNG.java:1215)
	at org.testng.TestNG.runSuitesLocally(TestNG.java:1140)
	at org.testng.TestNG.run(TestNG.java:1048)
	at org.testng.TestNG.privateMain(TestNG.java:1355)
	at org.testng.TestNG.main(TestNG.java:1324)

*****************************************************************************
Apr 08,2016 12:39:28 [info]   Execution Started of Test Class test.java.com.MusicGroup.scripts.UnifiedTestCases.Product_Feature_Page and Test method verifyProductFeaturePage
*****************************************************************************
Apr 08,2016 12:51:07 [info]  Apr 08,2016 12:51:07 [info]  <<<<<<<<<<<<<<<<<<<<<<<<<<<<<<<<<< Error message >>>>>>>>>>>>>>>>>>>>>>>>>>>>>>
java.lang.AssertionError: expected [true] but found [false]
	at org.testng.Assert.fail(Assert.java:94)
	at org.testng.Assert.failNotEquals(Assert.java:496)
	at org.testng.Assert.assertTrue(Assert.java:42)
	at org.testng.Assert.assertTrue(Assert.java:52)
	at test.java.com.MusicGroup.util.DriverHelper.clickOn(DriverHelper.java:220)
	at test.java.com.MusicGroup.pagehelper.Product_Feature_Helper.clickonProduct(Product_Feature_Helper.java:52)
	at test.java.com.MusicGroup.pagehelper.Product_Feature_Helper.ReachUptoFeaturePage(Product_Feature_Helper.java:73)
	at test.java.com.MusicGroup.pagehelper.Product_Feature_Helper.verifyFeaturePage(Product_Feature_Helper.java:82)
	at test.java.com.MusicGroup.scripts.UnifiedTestCases.Product_Feature_Page.verifyProductFeaturePage(Product_Feature_Page.java:50)
	at sun.reflect.NativeMethodAccessorImpl.invoke0(Native Method)
	at sun.reflect.NativeMethodAccessorImpl.invoke(NativeMethodAccessorImpl.java:62)
	at sun.reflect.DelegatingMethodAccessorImpl.invoke(DelegatingMethodAccessorImpl.java:43)
	at java.lang.reflect.Method.invoke(Method.java:497)
	at org.testng.internal.MethodInvocationHelper.invokeMethod(MethodInvocationHelper.java:85)
	at org.testng.internal.Invoker.invokeMethod(Invoker.java:639)
	at org.testng.internal.Invoker.invokeTestMethod(Invoker.java:816)
	at org.testng.internal.Invoker.invokeTestMethods(Invoker.java:1124)
	at org.testng.internal.TestMethodWorker.invokeTestMethods(TestMethodWorker.java:125)
	at org.testng.internal.TestMethodWorker.run(TestMethodWorker.java:108)
	at org.testng.TestRunner.privateRun(TestRunner.java:774)
	at org.testng.TestRunner.run(TestRunner.java:624)
	at org.testng.SuiteRunner.runTest(SuiteRunner.java:359)
	at org.testng.SuiteRunner.runSequentially(SuiteRunner.java:354)
	at org.testng.SuiteRunner.privateRun(SuiteRunner.java:312)
	at org.testng.SuiteRunner.run(SuiteRunner.java:261)
	at org.testng.SuiteRunnerWorker.runSuite(SuiteRunnerWorker.java:52)
	at org.testng.SuiteRunnerWorker.run(SuiteRunnerWorker.java:86)
	at org.testng.TestNG.runSuitesSequentially(TestNG.java:1215)
	at org.testng.TestNG.runSuitesLocally(TestNG.java:1140)
	at org.testng.TestNG.run(TestNG.java:1048)
	at org.testng.TestNG.privateMain(TestNG.java:1355)
	at org.testng.TestNG.main(TestNG.java:1324)

*****************************************************************************
Apr 08,2016 12:51:41 [info]   Execution Started of Test Class test.java.com.MusicGroup.scripts.UnifiedTestCases.Product_Overview_Page and Test method VerifyProductOverviewPage
*****************************************************************************
Apr 08,2016 12:52:03 [info]  Apr 08,2016 12:52:03 [info]  <<<<<<<<<<<<<<<<<<<<<<<<<<<<<<<<<< Error message >>>>>>>>>>>>>>>>>>>>>>>>>>>>>>
org.openqa.selenium.ElementNotVisibleException: Element is not currently visible and so may not be interacted with
Command duration or timeout: 10.05 seconds
Build info: version: '2.52.0', revision: '4c2593c', time: '2016-02-11 19:06:42'
System info: host: 'VireshT-PC', ip: '10.124.102.205', os.name: 'Windows 7', os.arch: 'x86', os.version: '6.1', java.version: '1.8.0_45'
Driver info: org.openqa.selenium.firefox.FirefoxDriver
Capabilities [{applicationCacheEnabled=true, rotatable=false, handlesAlerts=true, databaseEnabled=true, version=44.0.2, platform=WINDOWS, nativeEvents=false, acceptSslCerts=true, webStorageEnabled=true, locationContextEnabled=true, browserName=firefox, takesScreenshot=true, javascriptEnabled=true, cssSelectorsEnabled=true}]
Session ID: 5cdf66ce-3cd8-4f86-8f5a-6f1d9a01f664
	at sun.reflect.NativeConstructorAccessorImpl.newInstance0(Native Method)
	at sun.reflect.NativeConstructorAccessorImpl.newInstance(NativeConstructorAccessorImpl.java:62)
	at sun.reflect.DelegatingConstructorAccessorImpl.newInstance(DelegatingConstructorAccessorImpl.java:45)
	at java.lang.reflect.Constructor.newInstance(Constructor.java:422)
	at org.openqa.selenium.remote.ErrorHandler.createThrowable(ErrorHandler.java:206)
	at org.openqa.selenium.remote.ErrorHandler.throwIfResponseFailed(ErrorHandler.java:158)
	at org.openqa.selenium.remote.RemoteWebDriver.execute(RemoteWebDriver.java:678)
	at org.openqa.selenium.remote.RemoteWebElement.execute(RemoteWebElement.java:327)
	at org.openqa.selenium.remote.RemoteWebElement.click(RemoteWebElement.java:85)
	at test.java.com.MusicGroup.pagehelper.Product_Overview_Helper.ClickOnProductItem(Product_Overview_Helper.java:51)
	at test.java.com.MusicGroup.pagehelper.Product_Overview_Helper.ReachUptoOverviewPage(Product_Overview_Helper.java:129)
	at test.java.com.MusicGroup.pagehelper.Product_Overview_Helper.verifyOverviewPage(Product_Overview_Helper.java:138)
	at test.java.com.MusicGroup.scripts.UnifiedTestCases.Product_Overview_Page.VerifyProductOverviewPage(Product_Overview_Page.java:58)
	at sun.reflect.NativeMethodAccessorImpl.invoke0(Native Method)
	at sun.reflect.NativeMethodAccessorImpl.invoke(NativeMethodAccessorImpl.java:62)
	at sun.reflect.DelegatingMethodAccessorImpl.invoke(DelegatingMethodAccessorImpl.java:43)
	at java.lang.reflect.Method.invoke(Method.java:497)
	at org.testng.internal.MethodInvocationHelper.invokeMethod(MethodInvocationHelper.java:85)
	at org.testng.internal.Invoker.invokeMethod(Invoker.java:639)
	at org.testng.internal.Invoker.invokeTestMethod(Invoker.java:816)
	at org.testng.internal.Invoker.invokeTestMethods(Invoker.java:1124)
	at org.testng.internal.TestMethodWorker.invokeTestMethods(TestMethodWorker.java:125)
	at org.testng.internal.TestMethodWorker.run(TestMethodWorker.java:108)
	at org.testng.TestRunner.privateRun(TestRunner.java:774)
	at org.testng.TestRunner.run(TestRunner.java:624)
	at org.testng.SuiteRunner.runTest(SuiteRunner.java:359)
	at org.testng.SuiteRunner.runSequentially(SuiteRunner.java:354)
	at org.testng.SuiteRunner.privateRun(SuiteRunner.java:312)
	at org.testng.SuiteRunner.run(SuiteRunner.java:261)
	at org.testng.SuiteRunnerWorker.runSuite(SuiteRunnerWorker.java:52)
	at org.testng.SuiteRunnerWorker.run(SuiteRunnerWorker.java:86)
	at org.testng.TestNG.runSuitesSequentially(TestNG.java:1215)
	at org.testng.TestNG.runSuitesLocally(TestNG.java:1140)
	at org.testng.TestNG.run(TestNG.java:1048)
	at org.testng.TestNG.privateMain(TestNG.java:1355)
	at org.testng.TestNG.main(TestNG.java:1324)
Caused by: org.openqa.selenium.ElementNotVisibleException: Element is not currently visible and so may not be interacted with
Build info: version: '2.52.0', revision: '4c2593c', time: '2016-02-11 19:06:42'
System info: host: 'VireshT-PC', ip: '10.124.102.205', os.name: 'Windows 7', os.arch: 'x86', os.version: '6.1', java.version: '1.8.0_45'
Driver info: driver.version: unknown
	at <anonymous class>.fxdriver.preconditions.visible(file:///C:/Users/VireshT/AppData/Local/Temp/anonymous4102921771957456208webdriver-profile/extensions/fxdriver@googlecode.com/components/command-processor.js:10045)
	at <anonymous class>.DelayedCommand.prototype.checkPreconditions_(file:///C:/Users/VireshT/AppData/Local/Temp/anonymous4102921771957456208webdriver-profile/extensions/fxdriver@googlecode.com/components/command-processor.js:12597)
	at <anonymous class>.DelayedCommand.prototype.executeInternal_/h(file:///C:/Users/VireshT/AppData/Local/Temp/anonymous4102921771957456208webdriver-profile/extensions/fxdriver@googlecode.com/components/command-processor.js:12614)
	at <anonymous class>.fxdriver.Timer.prototype.setTimeout/<.notify(file:///C:/Users/VireshT/AppData/Local/Temp/anonymous4102921771957456208webdriver-profile/extensions/fxdriver@googlecode.com/components/command-processor.js:623)

*****************************************************************************
Apr 08,2016 12:52:35 [info]   Execution Started of Test Class test.java.com.MusicGroup.scripts.UnifiedTestCases.Download_Center and Test method verifyDownload_CenterPage
*****************************************************************************
Apr 08,2016 12:53:35 [info]  Apr 08,2016 12:53:35 [info]  <<<<<<<<<<<<<<<<<<<<<<<<<<<<<<<<<< Error message >>>>>>>>>>>>>>>>>>>>>>>>>>>>>>
java.lang.AssertionError: expected [true] but found [false]
	at org.testng.Assert.fail(Assert.java:94)
	at org.testng.Assert.failNotEquals(Assert.java:496)
	at org.testng.Assert.assertTrue(Assert.java:42)
	at org.testng.Assert.assertTrue(Assert.java:52)
	at test.java.com.MusicGroup.pagehelper.Download_Center_Helper.verifyDownloadCenterPage(Download_Center_Helper.java:660)
	at test.java.com.MusicGroup.scripts.UnifiedTestCases.Download_Center.verifyDownload_CenterPage(Download_Center.java:49)
	at sun.reflect.NativeMethodAccessorImpl.invoke0(Native Method)
	at sun.reflect.NativeMethodAccessorImpl.invoke(NativeMethodAccessorImpl.java:62)
	at sun.reflect.DelegatingMethodAccessorImpl.invoke(DelegatingMethodAccessorImpl.java:43)
	at java.lang.reflect.Method.invoke(Method.java:497)
	at org.testng.internal.MethodInvocationHelper.invokeMethod(MethodInvocationHelper.java:85)
	at org.testng.internal.Invoker.invokeMethod(Invoker.java:639)
	at org.testng.internal.Invoker.invokeTestMethod(Invoker.java:816)
	at org.testng.internal.Invoker.invokeTestMethods(Invoker.java:1124)
	at org.testng.internal.TestMethodWorker.invokeTestMethods(TestMethodWorker.java:125)
	at org.testng.internal.TestMethodWorker.run(TestMethodWorker.java:108)
	at org.testng.TestRunner.privateRun(TestRunner.java:774)
	at org.testng.TestRunner.run(TestRunner.java:624)
	at org.testng.SuiteRunner.runTest(SuiteRunner.java:359)
	at org.testng.SuiteRunner.runSequentially(SuiteRunner.java:354)
	at org.testng.SuiteRunner.privateRun(SuiteRunner.java:312)
	at org.testng.SuiteRunner.run(SuiteRunner.java:261)
	at org.testng.SuiteRunnerWorker.runSuite(SuiteRunnerWorker.java:52)
	at org.testng.SuiteRunnerWorker.run(SuiteRunnerWorker.java:86)
	at org.testng.TestNG.runSuitesSequentially(TestNG.java:1215)
	at org.testng.TestNG.runSuitesLocally(TestNG.java:1140)
	at org.testng.TestNG.run(TestNG.java:1048)
	at org.testng.TestNG.privateMain(TestNG.java:1355)
	at org.testng.TestNG.main(TestNG.java:1324)

*****************************************************************************
Apr 08,2016 12:54:14 [info]   Execution Started of Test Class test.java.com.MusicGroup.scripts.UnifiedTestCases.Enterprise_And_Entertainment and Test method EnterpriseEntertainment
*****************************************************************************
Apr 08,2016 12:54:34 [info]  Apr 08,2016 12:54:34 [info]  <<<<<<<<<<<<<<<<<<<<<<<<<<<<<<<<<< Error message >>>>>>>>>>>>>>>>>>>>>>>>>>>>>>
java.lang.AssertionError: expected [true] but found [false]
	at org.testng.Assert.fail(Assert.java:94)
	at org.testng.Assert.failNotEquals(Assert.java:496)
	at org.testng.Assert.assertTrue(Assert.java:42)
	at org.testng.Assert.assertTrue(Assert.java:52)
	at test.java.com.MusicGroup.pagehelper.Enterprise_And_EntertainmentHelper.verifyentertainmentpage(Enterprise_And_EntertainmentHelper.java:242)
	at test.java.com.MusicGroup.scripts.UnifiedTestCases.Enterprise_And_Entertainment.EnterpriseEntertainment(Enterprise_And_Entertainment.java:39)
	at sun.reflect.NativeMethodAccessorImpl.invoke0(Native Method)
	at sun.reflect.NativeMethodAccessorImpl.invoke(NativeMethodAccessorImpl.java:62)
	at sun.reflect.DelegatingMethodAccessorImpl.invoke(DelegatingMethodAccessorImpl.java:43)
	at java.lang.reflect.Method.invoke(Method.java:497)
	at org.testng.internal.MethodInvocationHelper.invokeMethod(MethodInvocationHelper.java:85)
	at org.testng.internal.Invoker.invokeMethod(Invoker.java:639)
	at org.testng.internal.Invoker.invokeTestMethod(Invoker.java:816)
	at org.testng.internal.Invoker.invokeTestMethods(Invoker.java:1124)
	at org.testng.internal.TestMethodWorker.invokeTestMethods(TestMethodWorker.java:125)
	at org.testng.internal.TestMethodWorker.run(TestMethodWorker.java:108)
	at org.testng.TestRunner.privateRun(TestRunner.java:774)
	at org.testng.TestRunner.run(TestRunner.java:624)
	at org.testng.SuiteRunner.runTest(SuiteRunner.java:359)
	at org.testng.SuiteRunner.runSequentially(SuiteRunner.java:354)
	at org.testng.SuiteRunner.privateRun(SuiteRunner.java:312)
	at org.testng.SuiteRunner.run(SuiteRunner.java:261)
	at org.testng.SuiteRunnerWorker.runSuite(SuiteRunnerWorker.java:52)
	at org.testng.SuiteRunnerWorker.run(SuiteRunnerWorker.java:86)
	at org.testng.TestNG.runSuitesSequentially(TestNG.java:1215)
	at org.testng.TestNG.runSuitesLocally(TestNG.java:1140)
	at org.testng.TestNG.run(TestNG.java:1048)
	at org.testng.TestNG.privateMain(TestNG.java:1355)
	at org.testng.TestNG.main(TestNG.java:1324)

*****************************************************************************
Apr 08,2016 12:55:38 [info]   Execution Started of Test Class test.java.com.MusicGroup.scripts.UnifiedTestCases.SHMEP_328 and Test method verifyFooterSection
*****************************************************************************
Apr 08,2016 12:58:28 [info]  Apr 08,2016 12:58:28 [info]  <<<<<<<<<<<<<<<<<<<<<<<<<<<<<<<<<< Error message >>>>>>>>>>>>>>>>>>>>>>>>>>>>>>
org.openqa.selenium.StaleElementReferenceException: Element not found in the cache - perhaps the page has changed since it was looked up
Command duration or timeout: 10.12 seconds
For documentation on this error, please visit: http://seleniumhq.org/exceptions/stale_element_reference.html
Build info: version: '2.52.0', revision: '4c2593c', time: '2016-02-11 19:06:42'
System info: host: 'VireshT-PC', ip: '10.124.102.205', os.name: 'Windows 7', os.arch: 'x86', os.version: '6.1', java.version: '1.8.0_45'
Driver info: org.openqa.selenium.firefox.FirefoxDriver
Capabilities [{applicationCacheEnabled=true, rotatable=false, handlesAlerts=true, databaseEnabled=true, version=44.0.2, platform=WINDOWS, nativeEvents=false, acceptSslCerts=true, webStorageEnabled=true, locationContextEnabled=true, browserName=firefox, takesScreenshot=true, javascriptEnabled=true, cssSelectorsEnabled=true}]
Session ID: 9397b51a-fbf8-4bb9-aca8-f670e9bcf7c6
	at sun.reflect.NativeConstructorAccessorImpl.newInstance0(Native Method)
	at sun.reflect.NativeConstructorAccessorImpl.newInstance(NativeConstructorAccessorImpl.java:62)
	at sun.reflect.DelegatingConstructorAccessorImpl.newInstance(DelegatingConstructorAccessorImpl.java:45)
	at java.lang.reflect.Constructor.newInstance(Constructor.java:422)
	at org.openqa.selenium.remote.ErrorHandler.createThrowable(ErrorHandler.java:206)
	at org.openqa.selenium.remote.ErrorHandler.throwIfResponseFailed(ErrorHandler.java:158)
	at org.openqa.selenium.remote.RemoteWebDriver.execute(RemoteWebDriver.java:678)
	at org.openqa.selenium.remote.RemoteWebElement.execute(RemoteWebElement.java:327)
	at org.openqa.selenium.remote.RemoteWebElement.isEnabled(RemoteWebElement.java:169)
	at test.java.com.MusicGroup.util.DriverHelper.WaitForElementEnabled(DriverHelper.java:102)
	at test.java.com.MusicGroup.pagehelper.Unified_Home_Helper.clickonBrandMidas(Unified_Home_Helper.java:91)
	at test.java.com.MusicGroup.pagehelper.Unified_Home_Helper.verifyBrandPage(Unified_Home_Helper.java:440)
	at test.java.com.MusicGroup.pagehelper.Unified_Home_Helper.verifyBrandLandingFooter(Unified_Home_Helper.java:422)
	at test.java.com.MusicGroup.scripts.UnifiedTestCases.SHMEP_328.verifyFooterSection(SHMEP_328.java:33)
	at sun.reflect.NativeMethodAccessorImpl.invoke0(Native Method)
	at sun.reflect.NativeMethodAccessorImpl.invoke(NativeMethodAccessorImpl.java:62)
	at sun.reflect.DelegatingMethodAccessorImpl.invoke(DelegatingMethodAccessorImpl.java:43)
	at java.lang.reflect.Method.invoke(Method.java:497)
	at org.testng.internal.MethodInvocationHelper.invokeMethod(MethodInvocationHelper.java:85)
	at org.testng.internal.Invoker.invokeMethod(Invoker.java:639)
	at org.testng.internal.Invoker.invokeTestMethod(Invoker.java:816)
	at org.testng.internal.Invoker.invokeTestMethods(Invoker.java:1124)
	at org.testng.internal.TestMethodWorker.invokeTestMethods(TestMethodWorker.java:125)
	at org.testng.internal.TestMethodWorker.run(TestMethodWorker.java:108)
	at org.testng.TestRunner.privateRun(TestRunner.java:774)
	at org.testng.TestRunner.run(TestRunner.java:624)
	at org.testng.SuiteRunner.runTest(SuiteRunner.java:359)
	at org.testng.SuiteRunner.runSequentially(SuiteRunner.java:354)
	at org.testng.SuiteRunner.privateRun(SuiteRunner.java:312)
	at org.testng.SuiteRunner.run(SuiteRunner.java:261)
	at org.testng.SuiteRunnerWorker.runSuite(SuiteRunnerWorker.java:52)
	at org.testng.SuiteRunnerWorker.run(SuiteRunnerWorker.java:86)
	at org.testng.TestNG.runSuitesSequentially(TestNG.java:1215)
	at org.testng.TestNG.runSuitesLocally(TestNG.java:1140)
	at org.testng.TestNG.run(TestNG.java:1048)
	at org.testng.TestNG.privateMain(TestNG.java:1355)
	at org.testng.TestNG.main(TestNG.java:1324)
Caused by: org.openqa.selenium.StaleElementReferenceException: Element not found in the cache - perhaps the page has changed since it was looked up
For documentation on this error, please visit: http://seleniumhq.org/exceptions/stale_element_reference.html
Build info: version: '2.52.0', revision: '4c2593c', time: '2016-02-11 19:06:42'
System info: host: 'VireshT-PC', ip: '10.124.102.205', os.name: 'Windows 7', os.arch: 'x86', os.version: '6.1', java.version: '1.8.0_45'
Driver info: driver.version: unknown
	at <anonymous class>.fxdriver.cache.getElementAt(resource://fxdriver/modules/web-element-cache.js:9407)
	at <anonymous class>.Utils.getElementAt(file:///C:/Users/VireshT/AppData/Local/Temp/anonymous6315801814292038582webdriver-profile/extensions/fxdriver@googlecode.com/components/command-processor.js:8992)
	at <anonymous class>.WebElement.isElementEnabled(file:///C:/Users/VireshT/AppData/Local/Temp/anonymous6315801814292038582webdriver-profile/extensions/fxdriver@googlecode.com/components/command-processor.js:12104)
	at <anonymous class>.DelayedCommand.prototype.executeInternal_/h(file:///C:/Users/VireshT/AppData/Local/Temp/anonymous6315801814292038582webdriver-profile/extensions/fxdriver@googlecode.com/components/command-processor.js:12614)
	at <anonymous class>.fxdriver.Timer.prototype.setTimeout/<.notify(file:///C:/Users/VireshT/AppData/Local/Temp/anonymous6315801814292038582webdriver-profile/extensions/fxdriver@googlecode.com/components/command-processor.js:623)

*****************************************************************************
Apr 08,2016 12:59:10 [info]   Execution Started of Test Class test.java.com.MusicGroup.scripts.UnifiedTestCases.Creation_HomePage and Test method CreationHomePage
*****************************************************************************
Apr 08,2016 12:59:12 [info]  Apr 08,2016 12:59:12 [info]  <<<<<<<<<<<<<<<<<<<<<<<<<<<<<<<<<< Error message >>>>>>>>>>>>>>>>>>>>>>>>>>>>>>
java.lang.NullPointerException
	at test.java.com.MusicGroup.locators.LocatorReader.getLocator(LocatorReader.java:32)
	at test.java.com.MusicGroup.pagehelper.Creation_HomePage_Helper.clickCreationpage(Creation_HomePage_Helper.java:25)
	at test.java.com.MusicGroup.pagehelper.Creation_HomePage_Helper.ReachUptoCreationHomePage(Creation_HomePage_Helper.java:46)
	at test.java.com.MusicGroup.pagehelper.Creation_HomePage_Helper.verifycreationHomepage(Creation_HomePage_Helper.java:55)
	at test.java.com.MusicGroup.scripts.UnifiedTestCases.Creation_HomePage.CreationHomePage(Creation_HomePage.java:22)
	at sun.reflect.NativeMethodAccessorImpl.invoke0(Native Method)
	at sun.reflect.NativeMethodAccessorImpl.invoke(NativeMethodAccessorImpl.java:62)
	at sun.reflect.DelegatingMethodAccessorImpl.invoke(DelegatingMethodAccessorImpl.java:43)
	at java.lang.reflect.Method.invoke(Method.java:497)
	at org.testng.internal.MethodInvocationHelper.invokeMethod(MethodInvocationHelper.java:85)
	at org.testng.internal.Invoker.invokeMethod(Invoker.java:639)
	at org.testng.internal.Invoker.invokeTestMethod(Invoker.java:816)
	at org.testng.internal.Invoker.invokeTestMethods(Invoker.java:1124)
	at org.testng.internal.TestMethodWorker.invokeTestMethods(TestMethodWorker.java:125)
	at org.testng.internal.TestMethodWorker.run(TestMethodWorker.java:108)
	at org.testng.TestRunner.privateRun(TestRunner.java:774)
	at org.testng.TestRunner.run(TestRunner.java:624)
	at org.testng.SuiteRunner.runTest(SuiteRunner.java:359)
	at org.testng.SuiteRunner.runSequentially(SuiteRunner.java:354)
	at org.testng.SuiteRunner.privateRun(SuiteRunner.java:312)
	at org.testng.SuiteRunner.run(SuiteRunner.java:261)
	at org.testng.SuiteRunnerWorker.runSuite(SuiteRunnerWorker.java:52)
	at org.testng.SuiteRunnerWorker.run(SuiteRunnerWorker.java:86)
	at org.testng.TestNG.runSuitesSequentially(TestNG.java:1215)
	at org.testng.TestNG.runSuitesLocally(TestNG.java:1140)
	at org.testng.TestNG.run(TestNG.java:1048)
	at org.testng.TestNG.privateMain(TestNG.java:1355)
	at org.testng.TestNG.main(TestNG.java:1324)

*****************************************************************************
Apr 08,2016 13:00:00 [info]   Execution Started of Test Class test.java.com.MusicGroup.scripts.UnifiedTestCases.Home_Brand_Page and Test method verifyBrand_HomePage
*****************************************************************************
Apr 08,2016 13:00:39 [info]  Apr 08,2016 13:00:39 [info]  <<<<<<<<<<<<<<<<<<<<<<<<<<<<<<<<<< Error message >>>>>>>>>>>>>>>>>>>>>>>>>>>>>>
java.lang.AssertionError: expected [true] but found [false]
	at org.testng.Assert.fail(Assert.java:94)
	at org.testng.Assert.failNotEquals(Assert.java:496)
	at org.testng.Assert.assertTrue(Assert.java:42)
	at org.testng.Assert.assertTrue(Assert.java:52)
	at test.java.com.MusicGroup.pagehelper.Home_BrandPage_Helper.verifyHomeBrandPage(Home_BrandPage_Helper.java:685)
	at test.java.com.MusicGroup.scripts.UnifiedTestCases.Home_Brand_Page.verifyBrand_HomePage(Home_Brand_Page.java:23)
	at sun.reflect.NativeMethodAccessorImpl.invoke0(Native Method)
	at sun.reflect.NativeMethodAccessorImpl.invoke(NativeMethodAccessorImpl.java:62)
	at sun.reflect.DelegatingMethodAccessorImpl.invoke(DelegatingMethodAccessorImpl.java:43)
	at java.lang.reflect.Method.invoke(Method.java:497)
	at org.testng.internal.MethodInvocationHelper.invokeMethod(MethodInvocationHelper.java:85)
	at org.testng.internal.Invoker.invokeMethod(Invoker.java:639)
	at org.testng.internal.Invoker.invokeTestMethod(Invoker.java:816)
	at org.testng.internal.Invoker.invokeTestMethods(Invoker.java:1124)
	at org.testng.internal.TestMethodWorker.invokeTestMethods(TestMethodWorker.java:125)
	at org.testng.internal.TestMethodWorker.run(TestMethodWorker.java:108)
	at org.testng.TestRunner.privateRun(TestRunner.java:774)
	at org.testng.TestRunner.run(TestRunner.java:624)
	at org.testng.SuiteRunner.runTest(SuiteRunner.java:359)
	at org.testng.SuiteRunner.runSequentially(SuiteRunner.java:354)
	at org.testng.SuiteRunner.privateRun(SuiteRunner.java:312)
	at org.testng.SuiteRunner.run(SuiteRunner.java:261)
	at org.testng.SuiteRunnerWorker.runSuite(SuiteRunnerWorker.java:52)
	at org.testng.SuiteRunnerWorker.run(SuiteRunnerWorker.java:86)
	at org.testng.TestNG.runSuitesSequentially(TestNG.java:1215)
	at org.testng.TestNG.runSuitesLocally(TestNG.java:1140)
	at org.testng.TestNG.run(TestNG.java:1048)
	at org.testng.TestNG.privateMain(TestNG.java:1355)
	at org.testng.TestNG.main(TestNG.java:1324)

*****************************************************************************
Apr 08,2016 13:01:24 [info]   Execution Started of Test Class test.java.com.MusicGroup.scripts.UnifiedTestCases.Install_Page and Test method InstallHomePage
*****************************************************************************
Apr 08,2016 13:58:33 [info]  Apr 08,2016 13:58:33 [info]  <<<<<<<<<<<<<<<<<<<<<<<<<<<<<<<<<< Error message >>>>>>>>>>>>>>>>>>>>>>>>>>>>>>
java.lang.AssertionError: expected [true] but found [false]
	at org.testng.Assert.fail(Assert.java:94)
	at org.testng.Assert.failNotEquals(Assert.java:496)
	at org.testng.Assert.assertTrue(Assert.java:42)
	at org.testng.Assert.assertTrue(Assert.java:52)
	at test.java.com.MusicGroup.pagehelper.Install_Page_Helper.verifyinstallHomepage(Install_Page_Helper.java:568)
	at test.java.com.MusicGroup.scripts.UnifiedTestCases.Install_Page.InstallHomePage(Install_Page.java:24)
	at sun.reflect.NativeMethodAccessorImpl.invoke0(Native Method)
	at sun.reflect.NativeMethodAccessorImpl.invoke(NativeMethodAccessorImpl.java:62)
	at sun.reflect.DelegatingMethodAccessorImpl.invoke(DelegatingMethodAccessorImpl.java:43)
	at java.lang.reflect.Method.invoke(Method.java:497)
	at org.testng.internal.MethodInvocationHelper.invokeMethod(MethodInvocationHelper.java:85)
	at org.testng.internal.Invoker.invokeMethod(Invoker.java:639)
	at org.testng.internal.Invoker.invokeTestMethod(Invoker.java:816)
	at org.testng.internal.Invoker.invokeTestMethods(Invoker.java:1124)
	at org.testng.internal.TestMethodWorker.invokeTestMethods(TestMethodWorker.java:125)
	at org.testng.internal.TestMethodWorker.run(TestMethodWorker.java:108)
	at org.testng.TestRunner.privateRun(TestRunner.java:774)
	at org.testng.TestRunner.run(TestRunner.java:624)
	at org.testng.SuiteRunner.runTest(SuiteRunner.java:359)
	at org.testng.SuiteRunner.runSequentially(SuiteRunner.java:354)
	at org.testng.SuiteRunner.privateRun(SuiteRunner.java:312)
	at org.testng.SuiteRunner.run(SuiteRunner.java:261)
	at org.testng.SuiteRunnerWorker.runSuite(SuiteRunnerWorker.java:52)
	at org.testng.SuiteRunnerWorker.run(SuiteRunnerWorker.java:86)
	at org.testng.TestNG.runSuitesSequentially(TestNG.java:1215)
	at org.testng.TestNG.runSuitesLocally(TestNG.java:1140)
	at org.testng.TestNG.run(TestNG.java:1048)
	at org.testng.TestNG.privateMain(TestNG.java:1355)
	at org.testng.TestNG.main(TestNG.java:1324)

*****************************************************************************
Apr 08,2016 14:00:07 [info]   Execution Started of Test Class test.java.com.MusicGroup.scripts.UnifiedTestCases.LifeStyle_HomePage and Test method LifeStyleHomePage
*****************************************************************************
Apr 08,2016 14:00:26 [info]  Apr 08,2016 14:00:26 [info]  <<<<<<<<<<<<<<<<<<<<<<<<<<<<<<<<<< Error message >>>>>>>>>>>>>>>>>>>>>>>>>>>>>>
java.lang.AssertionError: expected [true] but found [false]
	at org.testng.Assert.fail(Assert.java:94)
	at org.testng.Assert.failNotEquals(Assert.java:496)
	at org.testng.Assert.assertTrue(Assert.java:42)
	at org.testng.Assert.assertTrue(Assert.java:52)
	at test.java.com.MusicGroup.pagehelper.LifeStyle_HomePage_Helper.verifyLifeStylePage(LifeStyle_HomePage_Helper.java:220)
	at test.java.com.MusicGroup.scripts.UnifiedTestCases.LifeStyle_HomePage.LifeStyleHomePage(LifeStyle_HomePage.java:22)
	at sun.reflect.NativeMethodAccessorImpl.invoke0(Native Method)
	at sun.reflect.NativeMethodAccessorImpl.invoke(NativeMethodAccessorImpl.java:62)
	at sun.reflect.DelegatingMethodAccessorImpl.invoke(DelegatingMethodAccessorImpl.java:43)
	at java.lang.reflect.Method.invoke(Method.java:497)
	at org.testng.internal.MethodInvocationHelper.invokeMethod(MethodInvocationHelper.java:85)
	at org.testng.internal.Invoker.invokeMethod(Invoker.java:639)
	at org.testng.internal.Invoker.invokeTestMethod(Invoker.java:816)
	at org.testng.internal.Invoker.invokeTestMethods(Invoker.java:1124)
	at org.testng.internal.TestMethodWorker.invokeTestMethods(TestMethodWorker.java:125)
	at org.testng.internal.TestMethodWorker.run(TestMethodWorker.java:108)
	at org.testng.TestRunner.privateRun(TestRunner.java:774)
	at org.testng.TestRunner.run(TestRunner.java:624)
	at org.testng.SuiteRunner.runTest(SuiteRunner.java:359)
	at org.testng.SuiteRunner.runSequentially(SuiteRunner.java:354)
	at org.testng.SuiteRunner.privateRun(SuiteRunner.java:312)
	at org.testng.SuiteRunner.run(SuiteRunner.java:261)
	at org.testng.SuiteRunnerWorker.runSuite(SuiteRunnerWorker.java:52)
	at org.testng.SuiteRunnerWorker.run(SuiteRunnerWorker.java:86)
	at org.testng.TestNG.runSuitesSequentially(TestNG.java:1215)
	at org.testng.TestNG.runSuitesLocally(TestNG.java:1140)
	at org.testng.TestNG.run(TestNG.java:1048)
	at org.testng.TestNG.privateMain(TestNG.java:1355)
	at org.testng.TestNG.main(TestNG.java:1324)

*****************************************************************************
Apr 08,2016 14:01:09 [info]   Execution Started of Test Class test.java.com.MusicGroup.scripts.UnifiedTestCases.Live_Page and Test method LifeStyleHomePage
*****************************************************************************
Apr 08,2016 14:01:51 [info]  Apr 08,2016 14:01:51 [info]  <<<<<<<<<<<<<<<<<<<<<<<<<<<<<<<<<< Error message >>>>>>>>>>>>>>>>>>>>>>>>>>>>>>
java.lang.AssertionError: expected [true] but found [false]
	at org.testng.Assert.fail(Assert.java:94)
	at org.testng.Assert.failNotEquals(Assert.java:496)
	at org.testng.Assert.assertTrue(Assert.java:42)
	at org.testng.Assert.assertTrue(Assert.java:52)
	at test.java.com.MusicGroup.pagehelper.Live_Page_Helper.verifyLivePage(Live_Page_Helper.java:256)
	at test.java.com.MusicGroup.scripts.UnifiedTestCases.Live_Page.LifeStyleHomePage(Live_Page.java:22)
	at sun.reflect.NativeMethodAccessorImpl.invoke0(Native Method)
	at sun.reflect.NativeMethodAccessorImpl.invoke(NativeMethodAccessorImpl.java:62)
	at sun.reflect.DelegatingMethodAccessorImpl.invoke(DelegatingMethodAccessorImpl.java:43)
	at java.lang.reflect.Method.invoke(Method.java:497)
	at org.testng.internal.MethodInvocationHelper.invokeMethod(MethodInvocationHelper.java:85)
	at org.testng.internal.Invoker.invokeMethod(Invoker.java:639)
	at org.testng.internal.Invoker.invokeTestMethod(Invoker.java:816)
	at org.testng.internal.Invoker.invokeTestMethods(Invoker.java:1124)
	at org.testng.internal.TestMethodWorker.invokeTestMethods(TestMethodWorker.java:125)
	at org.testng.internal.TestMethodWorker.run(TestMethodWorker.java:108)
	at org.testng.TestRunner.privateRun(TestRunner.java:774)
	at org.testng.TestRunner.run(TestRunner.java:624)
	at org.testng.SuiteRunner.runTest(SuiteRunner.java:359)
	at org.testng.SuiteRunner.runSequentially(SuiteRunner.java:354)
	at org.testng.SuiteRunner.privateRun(SuiteRunner.java:312)
	at org.testng.SuiteRunner.run(SuiteRunner.java:261)
	at org.testng.SuiteRunnerWorker.runSuite(SuiteRunnerWorker.java:52)
	at org.testng.SuiteRunnerWorker.run(SuiteRunnerWorker.java:86)
	at org.testng.TestNG.runSuitesSequentially(TestNG.java:1215)
	at org.testng.TestNG.runSuitesLocally(TestNG.java:1140)
	at org.testng.TestNG.run(TestNG.java:1048)
	at org.testng.TestNG.privateMain(TestNG.java:1355)
	at org.testng.TestNG.main(TestNG.java:1324)

*****************************************************************************
Apr 08,2016 14:02:58 [info]   Execution Started of Test Class test.java.com.MusicGroup.scripts.UnifiedTestCases.MG_UnifiedBrandPage and Test method verifyMG_UnifiedBrandPage
*****************************************************************************
Apr 08,2016 14:03:46 [info]  Unified Brand Page verified successfully.

*****************************************************************************
Apr 08,2016 14:04:28 [info]   Execution Started of Test Class test.java.com.MusicGroup.scripts.UnifiedTestCases.MG_UnifiedGlobalSupport and Test method verifyMidas_SupportPage
*****************************************************************************
Apr 08,2016 14:06:24 [info]  Apr 08,2016 14:06:24 [info]  <<<<<<<<<<<<<<<<<<<<<<<<<<<<<<<<<< Error message >>>>>>>>>>>>>>>>>>>>>>>>>>>>>>
java.lang.AssertionError: expected [true] but found [false]
	at org.testng.Assert.fail(Assert.java:94)
	at org.testng.Assert.failNotEquals(Assert.java:496)
	at org.testng.Assert.assertTrue(Assert.java:42)
	at org.testng.Assert.assertTrue(Assert.java:52)
	at test.java.com.MusicGroup.pagehelper.MG_UnifiedGlobalSupport_Helper.verifySupportPage(MG_UnifiedGlobalSupport_Helper.java:454)
	at test.java.com.MusicGroup.scripts.UnifiedTestCases.MG_UnifiedGlobalSupport.verifyMidas_SupportPage(MG_UnifiedGlobalSupport.java:43)
	at sun.reflect.NativeMethodAccessorImpl.invoke0(Native Method)
	at sun.reflect.NativeMethodAccessorImpl.invoke(NativeMethodAccessorImpl.java:62)
	at sun.reflect.DelegatingMethodAccessorImpl.invoke(DelegatingMethodAccessorImpl.java:43)
	at java.lang.reflect.Method.invoke(Method.java:497)
	at org.testng.internal.MethodInvocationHelper.invokeMethod(MethodInvocationHelper.java:85)
	at org.testng.internal.Invoker.invokeMethod(Invoker.java:639)
	at org.testng.internal.Invoker.invokeTestMethod(Invoker.java:816)
	at org.testng.internal.Invoker.invokeTestMethods(Invoker.java:1124)
	at org.testng.internal.TestMethodWorker.invokeTestMethods(TestMethodWorker.java:125)
	at org.testng.internal.TestMethodWorker.run(TestMethodWorker.java:108)
	at org.testng.TestRunner.privateRun(TestRunner.java:774)
	at org.testng.TestRunner.run(TestRunner.java:624)
	at org.testng.SuiteRunner.runTest(SuiteRunner.java:359)
	at org.testng.SuiteRunner.runSequentially(SuiteRunner.java:354)
	at org.testng.SuiteRunner.privateRun(SuiteRunner.java:312)
	at org.testng.SuiteRunner.run(SuiteRunner.java:261)
	at org.testng.SuiteRunnerWorker.runSuite(SuiteRunnerWorker.java:52)
	at org.testng.SuiteRunnerWorker.run(SuiteRunnerWorker.java:86)
	at org.testng.TestNG.runSuitesSequentially(TestNG.java:1215)
	at org.testng.TestNG.runSuitesLocally(TestNG.java:1140)
	at org.testng.TestNG.run(TestNG.java:1048)
	at org.testng.TestNG.privateMain(TestNG.java:1355)
	at org.testng.TestNG.main(TestNG.java:1324)

*****************************************************************************
Apr 08,2016 14:07:45 [info]   Execution Started of Test Class test.java.com.MusicGroup.scripts.UnifiedTestCases.Midas_OurStory and Test method verifyMidas_OurStoryPage
*****************************************************************************
Apr 08,2016 14:08:52 [info]  Midas Training page verified successfully.

*****************************************************************************
Apr 08,2016 14:09:39 [info]   Execution Started of Test Class test.java.com.MusicGroup.scripts.UnifiedTestCases.Midas_DownloadCenter and Test method verifyDownload_CenterPage
*****************************************************************************
Apr 08,2016 14:29:41 [info]  Apr 08,2016 14:29:41 [info]  <<<<<<<<<<<<<<<<<<<<<<<<<<<<<<<<<< Error message >>>>>>>>>>>>>>>>>>>>>>>>>>>>>>
java.lang.AssertionError: expected [true] but found [false]
	at org.testng.Assert.fail(Assert.java:94)
	at org.testng.Assert.failNotEquals(Assert.java:496)
	at org.testng.Assert.assertTrue(Assert.java:42)
	at org.testng.Assert.assertTrue(Assert.java:52)
	at test.java.com.MusicGroup.pagehelper.Download_Center_Helper.verifyDownloadCenterPage(Download_Center_Helper.java:660)
	at test.java.com.MusicGroup.scripts.UnifiedTestCases.Midas_DownloadCenter.verifyDownload_CenterPage(Midas_DownloadCenter.java:38)
	at sun.reflect.NativeMethodAccessorImpl.invoke0(Native Method)
	at sun.reflect.NativeMethodAccessorImpl.invoke(NativeMethodAccessorImpl.java:62)
	at sun.reflect.DelegatingMethodAccessorImpl.invoke(DelegatingMethodAccessorImpl.java:43)
	at java.lang.reflect.Method.invoke(Method.java:497)
	at org.testng.internal.MethodInvocationHelper.invokeMethod(MethodInvocationHelper.java:85)
	at org.testng.internal.Invoker.invokeMethod(Invoker.java:639)
	at org.testng.internal.Invoker.invokeTestMethod(Invoker.java:816)
	at org.testng.internal.Invoker.invokeTestMethods(Invoker.java:1124)
	at org.testng.internal.TestMethodWorker.invokeTestMethods(TestMethodWorker.java:125)
	at org.testng.internal.TestMethodWorker.run(TestMethodWorker.java:108)
	at org.testng.TestRunner.privateRun(TestRunner.java:774)
	at org.testng.TestRunner.run(TestRunner.java:624)
	at org.testng.SuiteRunner.runTest(SuiteRunner.java:359)
	at org.testng.SuiteRunner.runSequentially(SuiteRunner.java:354)
	at org.testng.SuiteRunner.privateRun(SuiteRunner.java:312)
	at org.testng.SuiteRunner.run(SuiteRunner.java:261)
	at org.testng.SuiteRunnerWorker.runSuite(SuiteRunnerWorker.java:52)
	at org.testng.SuiteRunnerWorker.run(SuiteRunnerWorker.java:86)
	at org.testng.TestNG.runSuitesSequentially(TestNG.java:1215)
	at org.testng.TestNG.runSuitesLocally(TestNG.java:1140)
	at org.testng.TestNG.run(TestNG.java:1048)
	at org.testng.TestNG.privateMain(TestNG.java:1355)
	at org.testng.TestNG.main(TestNG.java:1324)

*****************************************************************************
Apr 08,2016 14:30:21 [info]   Execution Started of Test Class test.java.com.MusicGroup.scripts.UnifiedTestCases.Brands_Product_Downloads_Page and Test method verifyBrands_Product_Downloads_Page
*****************************************************************************
Apr 08,2016 14:31:36 [info]  Apr 08,2016 14:31:36 [info]  <<<<<<<<<<<<<<<<<<<<<<<<<<<<<<<<<< Error message >>>>>>>>>>>>>>>>>>>>>>>>>>>>>>
java.lang.AssertionError: expected [true] but found [false]
	at org.testng.Assert.fail(Assert.java:94)
	at org.testng.Assert.failNotEquals(Assert.java:496)
	at org.testng.Assert.assertTrue(Assert.java:42)
	at org.testng.Assert.assertTrue(Assert.java:52)
	at test.java.com.MusicGroup.pagehelper.Brands_Product_Downloads_Helper.verifyFeaturePage(Brands_Product_Downloads_Helper.java:384)
	at test.java.com.MusicGroup.scripts.UnifiedTestCases.Brands_Product_Downloads_Page.verifyBrands_Product_Downloads_Page(Brands_Product_Downloads_Page.java:43)
	at sun.reflect.NativeMethodAccessorImpl.invoke0(Native Method)
	at sun.reflect.NativeMethodAccessorImpl.invoke(NativeMethodAccessorImpl.java:62)
	at sun.reflect.DelegatingMethodAccessorImpl.invoke(DelegatingMethodAccessorImpl.java:43)
	at java.lang.reflect.Method.invoke(Method.java:497)
	at org.testng.internal.MethodInvocationHelper.invokeMethod(MethodInvocationHelper.java:85)
	at org.testng.internal.Invoker.invokeMethod(Invoker.java:639)
	at org.testng.internal.Invoker.invokeTestMethod(Invoker.java:816)
	at org.testng.internal.Invoker.invokeTestMethods(Invoker.java:1124)
	at org.testng.internal.TestMethodWorker.invokeTestMethods(TestMethodWorker.java:125)
	at org.testng.internal.TestMethodWorker.run(TestMethodWorker.java:108)
	at org.testng.TestRunner.privateRun(TestRunner.java:774)
	at org.testng.TestRunner.run(TestRunner.java:624)
	at org.testng.SuiteRunner.runTest(SuiteRunner.java:359)
	at org.testng.SuiteRunner.runSequentially(SuiteRunner.java:354)
	at org.testng.SuiteRunner.privateRun(SuiteRunner.java:312)
	at org.testng.SuiteRunner.run(SuiteRunner.java:261)
	at org.testng.SuiteRunnerWorker.runSuite(SuiteRunnerWorker.java:52)
	at org.testng.SuiteRunnerWorker.run(SuiteRunnerWorker.java:86)
	at org.testng.TestNG.runSuitesSequentially(TestNG.java:1215)
	at org.testng.TestNG.runSuitesLocally(TestNG.java:1140)
	at org.testng.TestNG.run(TestNG.java:1048)
	at org.testng.TestNG.privateMain(TestNG.java:1355)
	at org.testng.TestNG.main(TestNG.java:1324)

*****************************************************************************
Apr 08,2016 14:50:28 [info]   Execution Started of Test Class test.java.com.MusicGroup.scripts.B2BTestCases.VerifyB2BCheckOutPage and Test method CheckoutPage
*****************************************************************************
Apr 08,2016 14:50:36 [info]  Navigated to B2B store successfully.
Apr 08,2016 14:54:08 [info]  Apr 08,2016 14:54:08 [info]  <<<<<<<<<<<<<<<<<<<<<<<<<<<<<<<<<< Error message >>>>>>>>>>>>>>>>>>>>>>>>>>>>>>
java.lang.AssertionError: expected [false] but found [true]
	at org.testng.Assert.fail(Assert.java:94)
	at org.testng.Assert.failNotEquals(Assert.java:494)
	at org.testng.Assert.assertEquals(Assert.java:123)
	at org.testng.Assert.assertEquals(Assert.java:176)
	at org.testng.Assert.assertEquals(Assert.java:186)
	at test.java.com.MusicGroup.pagehelper.VerifyB2BCheckoutPage_Helper.VerifyOrderSuccessPage(VerifyB2BCheckoutPage_Helper.java:523)
	at test.java.com.MusicGroup.pagehelper.VerifyB2BCheckoutPage_Helper.VerifyCheckout(VerifyB2BCheckoutPage_Helper.java:535)
	at test.java.com.MusicGroup.scripts.B2BTestCases.VerifyB2BCheckOutPage.CheckoutPage(VerifyB2BCheckOutPage.java:30)
	at sun.reflect.NativeMethodAccessorImpl.invoke0(Native Method)
	at sun.reflect.NativeMethodAccessorImpl.invoke(Unknown Source)
	at sun.reflect.DelegatingMethodAccessorImpl.invoke(Unknown Source)
	at java.lang.reflect.Method.invoke(Unknown Source)
	at org.testng.internal.MethodInvocationHelper.invokeMethod(MethodInvocationHelper.java:84)
	at org.testng.internal.Invoker.invokeMethod(Invoker.java:714)
	at org.testng.internal.Invoker.invokeTestMethod(Invoker.java:901)
	at org.testng.internal.Invoker.invokeTestMethods(Invoker.java:1231)
	at org.testng.internal.TestMethodWorker.invokeTestMethods(TestMethodWorker.java:127)
	at org.testng.internal.TestMethodWorker.run(TestMethodWorker.java:111)
	at org.testng.TestRunner.privateRun(TestRunner.java:767)
	at org.testng.TestRunner.run(TestRunner.java:617)
	at org.testng.SuiteRunner.runTest(SuiteRunner.java:334)
	at org.testng.SuiteRunner.runSequentially(SuiteRunner.java:329)
	at org.testng.SuiteRunner.privateRun(SuiteRunner.java:291)
	at org.testng.SuiteRunner.run(SuiteRunner.java:240)
	at org.testng.SuiteRunnerWorker.runSuite(SuiteRunnerWorker.java:52)
	at org.testng.SuiteRunnerWorker.run(SuiteRunnerWorker.java:86)
	at org.testng.TestNG.runSuitesSequentially(TestNG.java:1224)
	at org.testng.TestNG.runSuitesLocally(TestNG.java:1149)
	at org.testng.TestNG.run(TestNG.java:1057)
	at org.testng.remote.RemoteTestNG.run(RemoteTestNG.java:111)
	at org.testng.remote.RemoteTestNG.initAndRun(RemoteTestNG.java:204)
	at org.testng.remote.RemoteTestNG.main(RemoteTestNG.java:175)

*****************************************************************************
Apr 08,2016 15:06:03 [info]   Execution Started of Test Class test.java.com.MusicGroup.scripts.B2BTestCases.VerifyB2BCheckOutPage and Test method CheckoutPage
*****************************************************************************
Apr 08,2016 15:06:14 [info]  Navigated to B2B store successfully.

*****************************************************************************
Apr 08,2016 15:15:44 [info]   Execution Started of Test Class test.java.com.MusicGroup.scripts.B2BTestCases.VerifyB2BCheckOutPage and Test method CheckoutPage
*****************************************************************************
Apr 08,2016 15:15:54 [info]  Navigated to B2B store successfully.

*****************************************************************************
Apr 08,2016 17:44:01 [info]   Execution Started of Test Class test.java.com.MusicGroup.scripts.UnifiedTestCases.Midas_OurStory1970 and Test method verifyMidas_OurStory1970Page
*****************************************************************************

*****************************************************************************
Apr 08,2016 19:20:35 [info]   Execution Started of Test Class test.java.com.MusicGroup.scripts.UnifiedTestCases.Midas_OurStory1970 and Test method verifyMidas_OurStory1970Page
*****************************************************************************

*****************************************************************************
Apr 08,2016 19:32:28 [info]   Execution Started of Test Class test.java.com.MusicGroup.scripts.UnifiedTestCases.Midas_OurStory1970 and Test method verifyMidas_OurStory1970Page
*****************************************************************************

*****************************************************************************
Apr 08,2016 19:35:24 [info]   Execution Started of Test Class test.java.com.MusicGroup.scripts.UnifiedTestCases.Midas_OurStory1970 and Test method verifyMidas_OurStory1970Page
*****************************************************************************
Apr 08,2016 19:35:55 [info]  Apr 08,2016 19:35:55 [info]  <<<<<<<<<<<<<<<<<<<<<<<<<<<<<<<<<< Error message >>>>>>>>>>>>>>>>>>>>>>>>>>>>>>
java.lang.AssertionError: fail
	at org.testng.Assert.fail(Assert.java:94)
	at test.java.com.MusicGroup.pagehelper.Midas_OurStory1970_Helper.checkPageNotFound(Midas_OurStory1970_Helper.java:55)
	at test.java.com.MusicGroup.pagehelper.Midas_OurStory1970_Helper.ReachUptoOurStoryPage(Midas_OurStory1970_Helper.java:71)
	at test.java.com.MusicGroup.pagehelper.Midas_OurStory1970_Helper.verifyMidasOurStory1970Page(Midas_OurStory1970_Helper.java:78)
	at test.java.com.MusicGroup.scripts.UnifiedTestCases.Midas_OurStory1970.verifyMidas_OurStory1970Page(Midas_OurStory1970.java:28)
	at sun.reflect.NativeMethodAccessorImpl.invoke0(Native Method)
	at sun.reflect.NativeMethodAccessorImpl.invoke(NativeMethodAccessorImpl.java:62)
	at sun.reflect.DelegatingMethodAccessorImpl.invoke(DelegatingMethodAccessorImpl.java:43)
	at java.lang.reflect.Method.invoke(Method.java:497)
	at org.testng.internal.MethodInvocationHelper.invokeMethod(MethodInvocationHelper.java:85)
	at org.testng.internal.Invoker.invokeMethod(Invoker.java:639)
	at org.testng.internal.Invoker.invokeTestMethod(Invoker.java:816)
	at org.testng.internal.Invoker.invokeTestMethods(Invoker.java:1124)
	at org.testng.internal.TestMethodWorker.invokeTestMethods(TestMethodWorker.java:125)
	at org.testng.internal.TestMethodWorker.run(TestMethodWorker.java:108)
	at org.testng.TestRunner.privateRun(TestRunner.java:774)
	at org.testng.TestRunner.run(TestRunner.java:624)
	at org.testng.SuiteRunner.runTest(SuiteRunner.java:359)
	at org.testng.SuiteRunner.runSequentially(SuiteRunner.java:354)
	at org.testng.SuiteRunner.privateRun(SuiteRunner.java:312)
	at org.testng.SuiteRunner.run(SuiteRunner.java:261)
	at org.testng.SuiteRunnerWorker.runSuite(SuiteRunnerWorker.java:52)
	at org.testng.SuiteRunnerWorker.run(SuiteRunnerWorker.java:86)
	at org.testng.TestNG.runSuitesSequentially(TestNG.java:1215)
	at org.testng.TestNG.runSuitesLocally(TestNG.java:1140)
	at org.testng.TestNG.run(TestNG.java:1048)
	at org.testng.TestNG.privateMain(TestNG.java:1355)
	at org.testng.TestNG.main(TestNG.java:1324)

*****************************************************************************
Apr 08,2016 19:37:53 [info]   Execution Started of Test Class test.java.com.MusicGroup.scripts.UnifiedTestCases.Midas_OurStory1970 and Test method verifyMidas_OurStory1970Page
*****************************************************************************

*****************************************************************************
Apr 08,2016 19:49:59 [info]   Execution Started of Test Class test.java.com.MusicGroup.scripts.UnifiedTestCases.Midas_OurStory1970 and Test method verifyMidas_OurStory1970Page
*****************************************************************************
Apr 08,2016 19:50:18 [info]  Apr 08,2016 19:50:18 [info]  <<<<<<<<<<<<<<<<<<<<<<<<<<<<<<<<<< Error message >>>>>>>>>>>>>>>>>>>>>>>>>>>>>>
java.lang.AssertionError: Page not found
	at org.testng.Assert.fail(Assert.java:94)
	at test.java.com.MusicGroup.pagehelper.Midas_OurStory1970_Helper.checkPageNotFound(Midas_OurStory1970_Helper.java:57)
	at test.java.com.MusicGroup.pagehelper.Midas_OurStory1970_Helper.ReachUptoOurStoryPage(Midas_OurStory1970_Helper.java:73)
	at test.java.com.MusicGroup.pagehelper.Midas_OurStory1970_Helper.verifyMidasOurStory1970Page(Midas_OurStory1970_Helper.java:80)
	at test.java.com.MusicGroup.scripts.UnifiedTestCases.Midas_OurStory1970.verifyMidas_OurStory1970Page(Midas_OurStory1970.java:28)
	at sun.reflect.NativeMethodAccessorImpl.invoke0(Native Method)
	at sun.reflect.NativeMethodAccessorImpl.invoke(NativeMethodAccessorImpl.java:62)
	at sun.reflect.DelegatingMethodAccessorImpl.invoke(DelegatingMethodAccessorImpl.java:43)
	at java.lang.reflect.Method.invoke(Method.java:497)
	at org.testng.internal.MethodInvocationHelper.invokeMethod(MethodInvocationHelper.java:85)
	at org.testng.internal.Invoker.invokeMethod(Invoker.java:639)
	at org.testng.internal.Invoker.invokeTestMethod(Invoker.java:816)
	at org.testng.internal.Invoker.invokeTestMethods(Invoker.java:1124)
	at org.testng.internal.TestMethodWorker.invokeTestMethods(TestMethodWorker.java:125)
	at org.testng.internal.TestMethodWorker.run(TestMethodWorker.java:108)
	at org.testng.TestRunner.privateRun(TestRunner.java:774)
	at org.testng.TestRunner.run(TestRunner.java:624)
	at org.testng.SuiteRunner.runTest(SuiteRunner.java:359)
	at org.testng.SuiteRunner.runSequentially(SuiteRunner.java:354)
	at org.testng.SuiteRunner.privateRun(SuiteRunner.java:312)
	at org.testng.SuiteRunner.run(SuiteRunner.java:261)
	at org.testng.SuiteRunnerWorker.runSuite(SuiteRunnerWorker.java:52)
	at org.testng.SuiteRunnerWorker.run(SuiteRunnerWorker.java:86)
	at org.testng.TestNG.runSuitesSequentially(TestNG.java:1215)
	at org.testng.TestNG.runSuitesLocally(TestNG.java:1140)
	at org.testng.TestNG.run(TestNG.java:1048)
	at org.testng.TestNG.privateMain(TestNG.java:1355)
	at org.testng.TestNG.main(TestNG.java:1324)

*****************************************************************************
Apr 08,2016 19:50:36 [info]   Execution Started of Test Class test.java.com.MusicGroup.scripts.UnifiedTestCases.Midas_OurStory1974 and Test method verifyMidas_OurStory1974Page
*****************************************************************************

*****************************************************************************
Apr 08,2016 19:52:38 [info]   Execution Started of Test Class test.java.com.MusicGroup.scripts.UnifiedTestCases.Midas_OurStory1970 and Test method verifyMidas_OurStory1970Page
*****************************************************************************
Apr 08,2016 19:52:56 [info]  Apr 08,2016 19:52:56 [info]  <<<<<<<<<<<<<<<<<<<<<<<<<<<<<<<<<< Error message >>>>>>>>>>>>>>>>>>>>>>>>>>>>>>
java.lang.AssertionError: Page not found
	at org.testng.Assert.fail(Assert.java:94)
	at test.java.com.MusicGroup.pagehelper.Midas_OurStory1970_Helper.checkPageNotFound(Midas_OurStory1970_Helper.java:57)
	at test.java.com.MusicGroup.pagehelper.Midas_OurStory1970_Helper.ReachUptoOurStoryPage(Midas_OurStory1970_Helper.java:73)
	at test.java.com.MusicGroup.pagehelper.Midas_OurStory1970_Helper.verifyMidasOurStory1970Page(Midas_OurStory1970_Helper.java:80)
	at test.java.com.MusicGroup.scripts.UnifiedTestCases.Midas_OurStory1970.verifyMidas_OurStory1970Page(Midas_OurStory1970.java:28)
	at sun.reflect.NativeMethodAccessorImpl.invoke0(Native Method)
	at sun.reflect.NativeMethodAccessorImpl.invoke(NativeMethodAccessorImpl.java:62)
	at sun.reflect.DelegatingMethodAccessorImpl.invoke(DelegatingMethodAccessorImpl.java:43)
	at java.lang.reflect.Method.invoke(Method.java:497)
	at org.testng.internal.MethodInvocationHelper.invokeMethod(MethodInvocationHelper.java:85)
	at org.testng.internal.Invoker.invokeMethod(Invoker.java:639)
	at org.testng.internal.Invoker.invokeTestMethod(Invoker.java:816)
	at org.testng.internal.Invoker.invokeTestMethods(Invoker.java:1124)
	at org.testng.internal.TestMethodWorker.invokeTestMethods(TestMethodWorker.java:125)
	at org.testng.internal.TestMethodWorker.run(TestMethodWorker.java:108)
	at org.testng.TestRunner.privateRun(TestRunner.java:774)
	at org.testng.TestRunner.run(TestRunner.java:624)
	at org.testng.SuiteRunner.runTest(SuiteRunner.java:359)
	at org.testng.SuiteRunner.runSequentially(SuiteRunner.java:354)
	at org.testng.SuiteRunner.privateRun(SuiteRunner.java:312)
	at org.testng.SuiteRunner.run(SuiteRunner.java:261)
	at org.testng.SuiteRunnerWorker.runSuite(SuiteRunnerWorker.java:52)
	at org.testng.SuiteRunnerWorker.run(SuiteRunnerWorker.java:86)
	at org.testng.TestNG.runSuitesSequentially(TestNG.java:1215)
	at org.testng.TestNG.runSuitesLocally(TestNG.java:1140)
	at org.testng.TestNG.run(TestNG.java:1048)
	at org.testng.TestNG.privateMain(TestNG.java:1355)
	at org.testng.TestNG.main(TestNG.java:1324)

*****************************************************************************
Apr 08,2016 19:53:12 [info]   Execution Started of Test Class test.java.com.MusicGroup.scripts.UnifiedTestCases.Midas_OurStory1974 and Test method verifyMidas_OurStory1974Page
*****************************************************************************
