<?xml version="1.0" encoding="UTF-8"?>
<testng-results skipped="0" failed="5" total="15" passed="10">
  <reporter-output>
    <line>
      <![CDATA[<a href= 'file://C:/Users/VireshT/Desktop/MusicGroup/SVN_Test/MusicGroup/screenshots/Midas_OurStoryPage2014//Midas_OurStoryPage20142016-04-29.jpg'target='_blank' >Midas_OurStoryPage20142016-04-29</a>]]>
    </line>
    <line>
      <![CDATA[<a href= 'file://C:/Users/VireshT/Desktop/MusicGroup/SVN_Test/MusicGroup/screenshots/B2B_ProductDetailPage//B2B_ProductDetailPage2016-04-29.jpg'target='_blank' >B2B_ProductDetailPage2016-04-29</a>]]>
    </line>
    <line>
      <![CDATA[<a href= 'file://C:/Users/VireshT/Desktop/MusicGroup/SVN_Test/MusicGroup/screenshots/B2B_SearchSuggestion//B2B_SearchSuggestion2016-04-29.jpg'target='_blank' >B2B_SearchSuggestion2016-04-29</a>]]>
    </line>
    <line>
      <![CDATA[<a href= 'file://C:/Users/VireshT/Desktop/MusicGroup/SVN_Test/MusicGroup/screenshots/TC_001_Product_Feature_Page//TC_001_Product_Feature_Page2016-04-29.jpg'target='_blank' >TC_001_Product_Feature_Page2016-04-29</a>]]>
    </line>
    <line>
      <![CDATA[<a href= 'file://C:/Users/VireshT/Desktop/MusicGroup/SVN_Test/MusicGroup/screenshots/TC_002_Product_Overview_Page//TC_002_Product_Overview_Page2016-04-29.jpg'target='_blank' >TC_002_Product_Overview_Page2016-04-29</a>]]>
    </line>
  </reporter-output>
  <suite name="CrossTest2" duration-ms="2923149" started-at="2016-04-29T16:47:14Z" finished-at="2016-04-29T17:35:57Z">
    <groups>
    </groups>
    <test name="CrossTest2" duration-ms="2923149" started-at="2016-04-29T16:47:14Z" finished-at="2016-04-29T17:35:57Z">
      <class name="test.java.com.MusicGroup.scripts.UnifiedTestCases.SHMEP_328">
        <test-method status="PASS" signature="setUp()[pri:0, instance:test.java.com.MusicGroup.scripts.UnifiedTestCases.SHMEP_328@dca536]" name="setUp" is-config="true" duration-ms="16492" started-at="2016-04-29T23:03:26Z" finished-at="2016-04-29T23:03:43Z">
          <reporter-output>
          </reporter-output>
        </test-method> <!-- setUp -->
        <test-method status="PASS" signature="verifyFooterSection()[pri:0, instance:test.java.com.MusicGroup.scripts.UnifiedTestCases.SHMEP_328@dca536]" name="verifyFooterSection" duration-ms="132997" started-at="2016-04-29T23:03:43Z" finished-at="2016-04-29T23:05:56Z">
          <reporter-output>
          </reporter-output>
        </test-method> <!-- verifyFooterSection -->
        <test-method status="PASS" signature="tearDown()[pri:0, instance:test.java.com.MusicGroup.scripts.UnifiedTestCases.SHMEP_328@dca536]" name="tearDown" is-config="true" duration-ms="1451" started-at="2016-04-29T23:05:56Z" finished-at="2016-04-29T23:05:57Z">
          <reporter-output>
          </reporter-output>
        </test-method> <!-- tearDown -->
      </class> <!-- test.java.com.MusicGroup.scripts.UnifiedTestCases.SHMEP_328 -->
      <class name="test.java.com.MusicGroup.scripts.UnifiedTestCases.Midas_OurStory2011">
        <test-method status="PASS" signature="setUp()[pri:0, instance:test.java.com.MusicGroup.scripts.UnifiedTestCases.Midas_OurStory2011@1e0f4f]" name="setUp" is-config="true" duration-ms="17826" started-at="2016-04-29T22:20:48Z" finished-at="2016-04-29T22:21:06Z">
          <reporter-output>
          </reporter-output>
        </test-method> <!-- setUp -->
        <test-method status="PASS" signature="verifyMidas_OurStory2011Page()[pri:0, instance:test.java.com.MusicGroup.scripts.UnifiedTestCases.Midas_OurStory2011@1e0f4f]" name="verifyMidas_OurStory2011Page" duration-ms="23918" started-at="2016-04-29T22:21:06Z" finished-at="2016-04-29T22:21:30Z">
          <reporter-output>
          </reporter-output>
        </test-method> <!-- verifyMidas_OurStory2011Page -->
        <test-method status="PASS" signature="tearDown()[pri:0, instance:test.java.com.MusicGroup.scripts.UnifiedTestCases.Midas_OurStory2011@1e0f4f]" name="tearDown" is-config="true" duration-ms="971" started-at="2016-04-29T22:21:30Z" finished-at="2016-04-29T22:21:31Z">
          <reporter-output>
          </reporter-output>
        </test-method> <!-- tearDown -->
      </class> <!-- test.java.com.MusicGroup.scripts.UnifiedTestCases.Midas_OurStory2011 -->
      <class name="test.java.com.MusicGroup.scripts.B2BTestCases.Login_B2B">
        <test-method status="PASS" signature="setUp()[pri:0, instance:test.java.com.MusicGroup.scripts.B2BTestCases.Login_B2B@a6d14e]" name="setUp" is-config="true" duration-ms="17627" started-at="2016-04-29T22:22:29Z" finished-at="2016-04-29T22:22:47Z">
          <reporter-output>
          </reporter-output>
        </test-method> <!-- setUp -->
        <test-method status="PASS" signature="loginB2B()[pri:0, instance:test.java.com.MusicGroup.scripts.B2BTestCases.Login_B2B@a6d14e]" name="loginB2B" duration-ms="163403" started-at="2016-04-29T22:22:47Z" finished-at="2016-04-29T22:25:30Z">
          <reporter-output>
          </reporter-output>
        </test-method> <!-- loginB2B -->
        <test-method status="PASS" signature="tearDown()[pri:0, instance:test.java.com.MusicGroup.scripts.B2BTestCases.Login_B2B@a6d14e]" name="tearDown" is-config="true" duration-ms="1851" started-at="2016-04-29T22:25:30Z" finished-at="2016-04-29T22:25:32Z">
          <reporter-output>
          </reporter-output>
        </test-method> <!-- tearDown -->
      </class> <!-- test.java.com.MusicGroup.scripts.B2BTestCases.Login_B2B -->
      <class name="test.java.com.MusicGroup.scripts.UnifiedTestCases.Product_Feature_Page">
        <test-method status="PASS" signature="setUp()[pri:0, instance:test.java.com.MusicGroup.scripts.UnifiedTestCases.Product_Feature_Page@3c1e69]" name="setUp" is-config="true" duration-ms="18832" started-at="2016-04-29T22:39:16Z" finished-at="2016-04-29T22:39:34Z">
          <reporter-output>
          </reporter-output>
        </test-method> <!-- setUp -->
        <test-method status="FAIL" signature="verifyProductFeaturePage()[pri:0, instance:test.java.com.MusicGroup.scripts.UnifiedTestCases.Product_Feature_Page@3c1e69]" name="verifyProductFeaturePage" duration-ms="688428" started-at="2016-04-29T22:39:34Z" finished-at="2016-04-29T22:51:03Z">
          <exception class="java.lang.AssertionError">
            <message>
              <![CDATA[expected [true] but found [false]]]>
            </message>
            <full-stacktrace>
              <![CDATA[java.lang.AssertionError: expected [true] but found [false]
	at org.testng.Assert.fail(Assert.java:94)
	at org.testng.Assert.failNotEquals(Assert.java:496)
	at org.testng.Assert.assertTrue(Assert.java:42)
	at org.testng.Assert.assertTrue(Assert.java:52)
	at test.java.com.MusicGroup.util.DriverHelper.clickOn(DriverHelper.java:222)
	at test.java.com.MusicGroup.pagehelper.Product_Feature_Helper.clickonProduct(Product_Feature_Helper.java:52)
	at test.java.com.MusicGroup.pagehelper.Product_Feature_Helper.ReachUptoFeaturePage(Product_Feature_Helper.java:73)
	at test.java.com.MusicGroup.pagehelper.Product_Feature_Helper.verifyFeaturePage(Product_Feature_Helper.java:82)
	at test.java.com.MusicGroup.scripts.UnifiedTestCases.Product_Feature_Page.verifyProductFeaturePage(Product_Feature_Page.java:50)
	at sun.reflect.NativeMethodAccessorImpl.invoke0(Native Method)
	at sun.reflect.NativeMethodAccessorImpl.invoke(NativeMethodAccessorImpl.java:62)
	at sun.reflect.DelegatingMethodAccessorImpl.invoke(DelegatingMethodAccessorImpl.java:43)
	at java.lang.reflect.Method.invoke(Method.java:497)
	at org.testng.internal.MethodInvocationHelper.invokeMethod(MethodInvocationHelper.java:85)
	at org.testng.internal.Invoker.invokeMethod(Invoker.java:639)
	at org.testng.internal.Invoker.invokeTestMethod(Invoker.java:816)
	at org.testng.internal.Invoker.invokeTestMethods(Invoker.java:1124)
	at org.testng.internal.TestMethodWorker.invokeTestMethods(TestMethodWorker.java:125)
	at org.testng.internal.TestMethodWorker.run(TestMethodWorker.java:108)
	at org.testng.TestRunner.privateRun(TestRunner.java:774)
	at org.testng.TestRunner.run(TestRunner.java:624)
	at org.testng.SuiteRunner.runTest(SuiteRunner.java:359)
	at org.testng.SuiteRunner.runSequentially(SuiteRunner.java:354)
	at org.testng.SuiteRunner.privateRun(SuiteRunner.java:312)
	at org.testng.SuiteRunner.run(SuiteRunner.java:261)
	at org.testng.SuiteRunnerWorker.runSuite(SuiteRunnerWorker.java:52)
	at org.testng.SuiteRunnerWorker.run(SuiteRunnerWorker.java:86)
	at org.testng.TestNG.runSuitesSequentially(TestNG.java:1215)
	at org.testng.TestNG.runSuitesLocally(TestNG.java:1140)
	at org.testng.TestNG.run(TestNG.java:1048)
	at org.testng.TestNG.privateMain(TestNG.java:1355)
	at org.testng.TestNG.main(TestNG.java:1324)
]]>
            </full-stacktrace>
          </exception> <!-- java.lang.AssertionError -->
          <reporter-output>
            <line>
              <![CDATA[<a href= 'file://C:/Users/VireshT/Desktop/MusicGroup/SVN_Test/MusicGroup/screenshots/TC_001_Product_Feature_Page//TC_001_Product_Feature_Page2016-04-29.jpg'target='_blank' >TC_001_Product_Feature_Page2016-04-29</a>]]>
            </line>
          </reporter-output>
        </test-method> <!-- verifyProductFeaturePage -->
        <test-method status="PASS" signature="tearDown()[pri:0, instance:test.java.com.MusicGroup.scripts.UnifiedTestCases.Product_Feature_Page@3c1e69]" name="tearDown" is-config="true" duration-ms="890" started-at="2016-04-29T22:51:03Z" finished-at="2016-04-29T22:51:04Z">
          <reporter-output>
          </reporter-output>
        </test-method> <!-- tearDown -->
      </class> <!-- test.java.com.MusicGroup.scripts.UnifiedTestCases.Product_Feature_Page -->
      <class name="test.java.com.MusicGroup.scripts.UnifiedTestCases.Enterprise_And_Entertainment">
        <test-method status="PASS" signature="setUp()[pri:0, instance:test.java.com.MusicGroup.scripts.UnifiedTestCases.Enterprise_And_Entertainment@9d209a]" name="setUp" is-config="true" duration-ms="19338" started-at="2016-04-29T23:02:58Z" finished-at="2016-04-29T23:03:18Z">
          <reporter-output>
          </reporter-output>
        </test-method> <!-- setUp -->
        <test-method status="PASS" signature="EnterpriseEntertainment()[pri:0, instance:test.java.com.MusicGroup.scripts.UnifiedTestCases.Enterprise_And_Entertainment@9d209a]" name="EnterpriseEntertainment" duration-ms="8289" started-at="2016-04-29T23:03:18Z" finished-at="2016-04-29T23:03:26Z">
          <reporter-output>
          </reporter-output>
        </test-method> <!-- EnterpriseEntertainment -->
        <test-method status="PASS" signature="tearDown()[pri:0, instance:test.java.com.MusicGroup.scripts.UnifiedTestCases.Enterprise_And_Entertainment@9d209a]" name="tearDown" is-config="true" duration-ms="478" started-at="2016-04-29T23:03:26Z" finished-at="2016-04-29T23:03:26Z">
          <reporter-output>
          </reporter-output>
        </test-method> <!-- tearDown -->
      </class> <!-- test.java.com.MusicGroup.scripts.UnifiedTestCases.Enterprise_And_Entertainment -->
      <class name="test.java.com.MusicGroup.scripts.B2BTestCases.B2B_SearchResultPage">
        <test-method status="PASS" signature="setUp()[pri:0, instance:test.java.com.MusicGroup.scripts.B2BTestCases.B2B_SearchResultPage@af7cc2]" name="setUp" is-config="true" duration-ms="19323" started-at="2016-04-29T22:34:05Z" finished-at="2016-04-29T22:34:24Z">
          <reporter-output>
          </reporter-output>
        </test-method> <!-- setUp -->
        <test-method status="FAIL" signature="SearchResultPageB2B()[pri:0, instance:test.java.com.MusicGroup.scripts.B2BTestCases.B2B_SearchResultPage@af7cc2]" name="SearchResultPageB2B" duration-ms="289926" started-at="2016-04-29T22:34:24Z" finished-at="2016-04-29T22:39:14Z">
          <exception class="java.lang.AssertionError">
            <message>
              <![CDATA[expected [true] but found [false]]]>
            </message>
            <full-stacktrace>
              <![CDATA[java.lang.AssertionError: expected [true] but found [false]
	at org.testng.Assert.fail(Assert.java:94)
	at org.testng.Assert.failNotEquals(Assert.java:496)
	at org.testng.Assert.assertTrue(Assert.java:42)
	at org.testng.Assert.assertTrue(Assert.java:52)
	at test.java.com.MusicGroup.pagehelper.B2B_SearchResult_Helper.verifySearchResult(B2B_SearchResult_Helper.java:383)
	at test.java.com.MusicGroup.scripts.B2BTestCases.B2B_SearchResultPage.SearchResultPageB2B(B2B_SearchResultPage.java:68)
	at sun.reflect.NativeMethodAccessorImpl.invoke0(Native Method)
	at sun.reflect.NativeMethodAccessorImpl.invoke(NativeMethodAccessorImpl.java:62)
	at sun.reflect.DelegatingMethodAccessorImpl.invoke(DelegatingMethodAccessorImpl.java:43)
	at java.lang.reflect.Method.invoke(Method.java:497)
	at org.testng.internal.MethodInvocationHelper.invokeMethod(MethodInvocationHelper.java:85)
	at org.testng.internal.Invoker.invokeMethod(Invoker.java:639)
	at org.testng.internal.Invoker.invokeTestMethod(Invoker.java:816)
	at org.testng.internal.Invoker.invokeTestMethods(Invoker.java:1124)
	at org.testng.internal.TestMethodWorker.invokeTestMethods(TestMethodWorker.java:125)
	at org.testng.internal.TestMethodWorker.run(TestMethodWorker.java:108)
	at org.testng.TestRunner.privateRun(TestRunner.java:774)
	at org.testng.TestRunner.run(TestRunner.java:624)
	at org.testng.SuiteRunner.runTest(SuiteRunner.java:359)
	at org.testng.SuiteRunner.runSequentially(SuiteRunner.java:354)
	at org.testng.SuiteRunner.privateRun(SuiteRunner.java:312)
	at org.testng.SuiteRunner.run(SuiteRunner.java:261)
	at org.testng.SuiteRunnerWorker.runSuite(SuiteRunnerWorker.java:52)
	at org.testng.SuiteRunnerWorker.run(SuiteRunnerWorker.java:86)
	at org.testng.TestNG.runSuitesSequentially(TestNG.java:1215)
	at org.testng.TestNG.runSuitesLocally(TestNG.java:1140)
	at org.testng.TestNG.run(TestNG.java:1048)
	at org.testng.TestNG.privateMain(TestNG.java:1355)
	at org.testng.TestNG.main(TestNG.java:1324)
]]>
            </full-stacktrace>
          </exception> <!-- java.lang.AssertionError -->
          <reporter-output>
            <line>
              <![CDATA[<a href= 'file://C:/Users/VireshT/Desktop/MusicGroup/SVN_Test/MusicGroup/screenshots/B2B_SearchSuggestion//B2B_SearchSuggestion2016-04-29.jpg'target='_blank' >B2B_SearchSuggestion2016-04-29</a>]]>
            </line>
          </reporter-output>
        </test-method> <!-- SearchResultPageB2B -->
        <test-method status="PASS" signature="tearDown()[pri:0, instance:test.java.com.MusicGroup.scripts.B2BTestCases.B2B_SearchResultPage@af7cc2]" name="tearDown" is-config="true" duration-ms="1229" started-at="2016-04-29T22:39:14Z" finished-at="2016-04-29T22:39:16Z">
          <reporter-output>
          </reporter-output>
        </test-method> <!-- tearDown -->
      </class> <!-- test.java.com.MusicGroup.scripts.B2BTestCases.B2B_SearchResultPage -->
      <class name="test.java.com.MusicGroup.scripts.B2BTestCases.VerifyB2BCheckOutPage">
        <test-method status="PASS" signature="setUp()[pri:0, instance:test.java.com.MusicGroup.scripts.B2BTestCases.VerifyB2BCheckOutPage@d5c04e]" name="setUp" is-config="true" duration-ms="26853" started-at="2016-04-29T22:25:32Z" finished-at="2016-04-29T22:25:59Z">
          <reporter-output>
          </reporter-output>
        </test-method> <!-- setUp -->
        <test-method status="PASS" signature="CheckoutPage()[pri:0, instance:test.java.com.MusicGroup.scripts.B2BTestCases.VerifyB2BCheckOutPage@d5c04e]" name="CheckoutPage" duration-ms="227951" started-at="2016-04-29T22:25:59Z" finished-at="2016-04-29T22:29:47Z">
          <reporter-output>
          </reporter-output>
        </test-method> <!-- CheckoutPage -->
        <test-method status="PASS" signature="tearDown()[pri:0, instance:test.java.com.MusicGroup.scripts.B2BTestCases.VerifyB2BCheckOutPage@d5c04e]" name="tearDown" is-config="true" duration-ms="1453" started-at="2016-04-29T22:29:47Z" finished-at="2016-04-29T22:29:48Z">
          <reporter-output>
          </reporter-output>
        </test-method> <!-- tearDown -->
      </class> <!-- test.java.com.MusicGroup.scripts.B2BTestCases.VerifyB2BCheckOutPage -->
      <class name="test.java.com.MusicGroup.scripts.UnifiedTestCases.Midas_OurStory2014">
        <test-method status="PASS" signature="setUp()[pri:0, instance:test.java.com.MusicGroup.scripts.UnifiedTestCases.Midas_OurStory2014@864e92]" name="setUp" is-config="true" duration-ms="17174" started-at="2016-04-29T22:21:31Z" finished-at="2016-04-29T22:21:48Z">
          <reporter-output>
          </reporter-output>
        </test-method> <!-- setUp -->
        <test-method status="FAIL" signature="verifyMidas_OurStory2014Page()[pri:0, instance:test.java.com.MusicGroup.scripts.UnifiedTestCases.Midas_OurStory2014@864e92]" name="verifyMidas_OurStory2014Page" duration-ms="40118" started-at="2016-04-29T22:21:48Z" finished-at="2016-04-29T22:22:28Z">
          <exception class="java.lang.AssertionError">
            <message>
              <![CDATA[expected [true] but found [false]]]>
            </message>
            <full-stacktrace>
              <![CDATA[java.lang.AssertionError: expected [true] but found [false]
	at org.testng.Assert.fail(Assert.java:94)
	at org.testng.Assert.failNotEquals(Assert.java:496)
	at org.testng.Assert.assertTrue(Assert.java:42)
	at org.testng.Assert.assertTrue(Assert.java:52)
	at test.java.com.MusicGroup.pagehelper.Midas_OurStory2014_Helper.verifyMidasOurStory2014Page(Midas_OurStory2014_Helper.java:542)
	at test.java.com.MusicGroup.scripts.UnifiedTestCases.Midas_OurStory2014.verifyMidas_OurStory2014Page(Midas_OurStory2014.java:34)
	at sun.reflect.NativeMethodAccessorImpl.invoke0(Native Method)
	at sun.reflect.NativeMethodAccessorImpl.invoke(NativeMethodAccessorImpl.java:62)
	at sun.reflect.DelegatingMethodAccessorImpl.invoke(DelegatingMethodAccessorImpl.java:43)
	at java.lang.reflect.Method.invoke(Method.java:497)
	at org.testng.internal.MethodInvocationHelper.invokeMethod(MethodInvocationHelper.java:85)
	at org.testng.internal.Invoker.invokeMethod(Invoker.java:639)
	at org.testng.internal.Invoker.invokeTestMethod(Invoker.java:816)
	at org.testng.internal.Invoker.invokeTestMethods(Invoker.java:1124)
	at org.testng.internal.TestMethodWorker.invokeTestMethods(TestMethodWorker.java:125)
	at org.testng.internal.TestMethodWorker.run(TestMethodWorker.java:108)
	at org.testng.TestRunner.privateRun(TestRunner.java:774)
	at org.testng.TestRunner.run(TestRunner.java:624)
	at org.testng.SuiteRunner.runTest(SuiteRunner.java:359)
	at org.testng.SuiteRunner.runSequentially(SuiteRunner.java:354)
	at org.testng.SuiteRunner.privateRun(SuiteRunner.java:312)
	at org.testng.SuiteRunner.run(SuiteRunner.java:261)
	at org.testng.SuiteRunnerWorker.runSuite(SuiteRunnerWorker.java:52)
	at org.testng.SuiteRunnerWorker.run(SuiteRunnerWorker.java:86)
	at org.testng.TestNG.runSuitesSequentially(TestNG.java:1215)
	at org.testng.TestNG.runSuitesLocally(TestNG.java:1140)
	at org.testng.TestNG.run(TestNG.java:1048)
	at org.testng.TestNG.privateMain(TestNG.java:1355)
	at org.testng.TestNG.main(TestNG.java:1324)
]]>
            </full-stacktrace>
          </exception> <!-- java.lang.AssertionError -->
          <reporter-output>
            <line>
              <![CDATA[<a href= 'file://C:/Users/VireshT/Desktop/MusicGroup/SVN_Test/MusicGroup/screenshots/Midas_OurStoryPage2014//Midas_OurStoryPage20142016-04-29.jpg'target='_blank' >Midas_OurStoryPage20142016-04-29</a>]]>
            </line>
          </reporter-output>
        </test-method> <!-- verifyMidas_OurStory2014Page -->
        <test-method status="PASS" signature="tearDown()[pri:0, instance:test.java.com.MusicGroup.scripts.UnifiedTestCases.Midas_OurStory2014@864e92]" name="tearDown" is-config="true" duration-ms="926" started-at="2016-04-29T22:22:28Z" finished-at="2016-04-29T22:22:29Z">
          <reporter-output>
          </reporter-output>
        </test-method> <!-- tearDown -->
      </class> <!-- test.java.com.MusicGroup.scripts.UnifiedTestCases.Midas_OurStory2014 -->
      <class name="test.java.com.MusicGroup.scripts.UnifiedTestCases.Download_Center">
        <test-method status="PASS" signature="setUp()[pri:0, instance:test.java.com.MusicGroup.scripts.UnifiedTestCases.Download_Center@1851384]" name="setUp" is-config="true" duration-ms="18794" started-at="2016-04-29T23:01:59Z" finished-at="2016-04-29T23:02:18Z">
          <reporter-output>
          </reporter-output>
        </test-method> <!-- setUp -->
        <test-method status="PASS" signature="verifyDownload_CenterPage()[pri:0, instance:test.java.com.MusicGroup.scripts.UnifiedTestCases.Download_Center@1851384]" name="verifyDownload_CenterPage" duration-ms="39814" started-at="2016-04-29T23:02:18Z" finished-at="2016-04-29T23:02:58Z">
          <reporter-output>
          </reporter-output>
        </test-method> <!-- verifyDownload_CenterPage -->
        <test-method status="PASS" signature="tearDown()[pri:0, instance:test.java.com.MusicGroup.scripts.UnifiedTestCases.Download_Center@1851384]" name="tearDown" is-config="true" duration-ms="533" started-at="2016-04-29T23:02:58Z" finished-at="2016-04-29T23:02:58Z">
          <reporter-output>
          </reporter-output>
        </test-method> <!-- tearDown -->
      </class> <!-- test.java.com.MusicGroup.scripts.UnifiedTestCases.Download_Center -->
      <class name="test.java.com.MusicGroup.scripts.B2BTestCases.B2B_ForgotPasswordPage">
        <test-method status="PASS" signature="setUp()[pri:0, instance:test.java.com.MusicGroup.scripts.B2BTestCases.B2B_ForgotPasswordPage@33ce2c]" name="setUp" is-config="true" duration-ms="18376" started-at="2016-04-29T22:29:48Z" finished-at="2016-04-29T22:30:07Z">
          <reporter-output>
          </reporter-output>
        </test-method> <!-- setUp -->
        <test-method status="PASS" signature="B2BStoreAccount()[pri:0, instance:test.java.com.MusicGroup.scripts.B2BTestCases.B2B_ForgotPasswordPage@33ce2c]" name="B2BStoreAccount" duration-ms="25339" started-at="2016-04-29T22:30:07Z" finished-at="2016-04-29T22:30:32Z">
          <reporter-output>
          </reporter-output>
        </test-method> <!-- B2BStoreAccount -->
        <test-method status="PASS" signature="tearDown()[pri:0, instance:test.java.com.MusicGroup.scripts.B2BTestCases.B2B_ForgotPasswordPage@33ce2c]" name="tearDown" is-config="true" duration-ms="595" started-at="2016-04-29T22:30:32Z" finished-at="2016-04-29T22:30:33Z">
          <reporter-output>
          </reporter-output>
        </test-method> <!-- tearDown -->
      </class> <!-- test.java.com.MusicGroup.scripts.B2BTestCases.B2B_ForgotPasswordPage -->
      <class name="test.java.com.MusicGroup.scripts.B2BTestCases.B2B_ProductDetailPage">
        <test-method status="PASS" signature="setUp()[pri:0, instance:test.java.com.MusicGroup.scripts.B2BTestCases.B2B_ProductDetailPage@5bef66]" name="setUp" is-config="true" duration-ms="17781" started-at="2016-04-29T22:30:33Z" finished-at="2016-04-29T22:30:51Z">
          <reporter-output>
          </reporter-output>
        </test-method> <!-- setUp -->
        <test-method status="FAIL" signature="ProductReviewCartB2B()[pri:0, instance:test.java.com.MusicGroup.scripts.B2BTestCases.B2B_ProductDetailPage@5bef66]" name="ProductReviewCartB2B" duration-ms="193713" started-at="2016-04-29T22:30:51Z" finished-at="2016-04-29T22:34:04Z">
          <exception class="java.lang.AssertionError">
            <message>
              <![CDATA[expected [true] but found [false]]]>
            </message>
            <full-stacktrace>
              <![CDATA[java.lang.AssertionError: expected [true] but found [false]
	at org.testng.Assert.fail(Assert.java:94)
	at org.testng.Assert.failNotEquals(Assert.java:496)
	at org.testng.Assert.assertTrue(Assert.java:42)
	at org.testng.Assert.assertTrue(Assert.java:52)
	at test.java.com.MusicGroup.pagehelper.B2B_ProductDetailPage_Helper.verifyproductdetailpage(B2B_ProductDetailPage_Helper.java:1139)
	at test.java.com.MusicGroup.scripts.B2BTestCases.B2B_ProductDetailPage.ProductReviewCartB2B(B2B_ProductDetailPage.java:68)
	at sun.reflect.NativeMethodAccessorImpl.invoke0(Native Method)
	at sun.reflect.NativeMethodAccessorImpl.invoke(NativeMethodAccessorImpl.java:62)
	at sun.reflect.DelegatingMethodAccessorImpl.invoke(DelegatingMethodAccessorImpl.java:43)
	at java.lang.reflect.Method.invoke(Method.java:497)
	at org.testng.internal.MethodInvocationHelper.invokeMethod(MethodInvocationHelper.java:85)
	at org.testng.internal.Invoker.invokeMethod(Invoker.java:639)
	at org.testng.internal.Invoker.invokeTestMethod(Invoker.java:816)
	at org.testng.internal.Invoker.invokeTestMethods(Invoker.java:1124)
	at org.testng.internal.TestMethodWorker.invokeTestMethods(TestMethodWorker.java:125)
	at org.testng.internal.TestMethodWorker.run(TestMethodWorker.java:108)
	at org.testng.TestRunner.privateRun(TestRunner.java:774)
	at org.testng.TestRunner.run(TestRunner.java:624)
	at org.testng.SuiteRunner.runTest(SuiteRunner.java:359)
	at org.testng.SuiteRunner.runSequentially(SuiteRunner.java:354)
	at org.testng.SuiteRunner.privateRun(SuiteRunner.java:312)
	at org.testng.SuiteRunner.run(SuiteRunner.java:261)
	at org.testng.SuiteRunnerWorker.runSuite(SuiteRunnerWorker.java:52)
	at org.testng.SuiteRunnerWorker.run(SuiteRunnerWorker.java:86)
	at org.testng.TestNG.runSuitesSequentially(TestNG.java:1215)
	at org.testng.TestNG.runSuitesLocally(TestNG.java:1140)
	at org.testng.TestNG.run(TestNG.java:1048)
	at org.testng.TestNG.privateMain(TestNG.java:1355)
	at org.testng.TestNG.main(TestNG.java:1324)
]]>
            </full-stacktrace>
          </exception> <!-- java.lang.AssertionError -->
          <reporter-output>
            <line>
              <![CDATA[<a href= 'file://C:/Users/VireshT/Desktop/MusicGroup/SVN_Test/MusicGroup/screenshots/B2B_ProductDetailPage//B2B_ProductDetailPage2016-04-29.jpg'target='_blank' >B2B_ProductDetailPage2016-04-29</a>]]>
            </line>
          </reporter-output>
        </test-method> <!-- ProductReviewCartB2B -->
        <test-method status="PASS" signature="tearDown()[pri:0, instance:test.java.com.MusicGroup.scripts.B2BTestCases.B2B_ProductDetailPage@5bef66]" name="tearDown" is-config="true" duration-ms="907" started-at="2016-04-29T22:34:04Z" finished-at="2016-04-29T22:34:05Z">
          <reporter-output>
          </reporter-output>
        </test-method> <!-- tearDown -->
      </class> <!-- test.java.com.MusicGroup.scripts.B2BTestCases.B2B_ProductDetailPage -->
      <class name="test.java.com.MusicGroup.scripts.UnifiedTestCases.Midas_OurStory2009">
        <test-method status="PASS" signature="setUp()[pri:0, instance:test.java.com.MusicGroup.scripts.UnifiedTestCases.Midas_OurStory2009@6a03af]" name="setUp" is-config="true" duration-ms="21541" started-at="2016-04-29T22:19:42Z" finished-at="2016-04-29T22:20:03Z">
          <reporter-output>
          </reporter-output>
        </test-method> <!-- setUp -->
        <test-method status="PASS" signature="verifyMidas_OurStory2009Page()[pri:0, instance:test.java.com.MusicGroup.scripts.UnifiedTestCases.Midas_OurStory2009@6a03af]" name="verifyMidas_OurStory2009Page" duration-ms="44586" started-at="2016-04-29T22:20:03Z" finished-at="2016-04-29T22:20:48Z">
          <reporter-output>
          </reporter-output>
        </test-method> <!-- verifyMidas_OurStory2009Page -->
        <test-method status="PASS" signature="tearDown()[pri:0, instance:test.java.com.MusicGroup.scripts.UnifiedTestCases.Midas_OurStory2009@6a03af]" name="tearDown" is-config="true" duration-ms="560" started-at="2016-04-29T22:20:48Z" finished-at="2016-04-29T22:20:48Z">
          <reporter-output>
          </reporter-output>
        </test-method> <!-- tearDown -->
      </class> <!-- test.java.com.MusicGroup.scripts.UnifiedTestCases.Midas_OurStory2009 -->
      <class name="test.java.com.MusicGroup.scripts.UnifiedTestCases.Product_Overview_Page">
        <test-method status="PASS" signature="setUp()[pri:0, instance:test.java.com.MusicGroup.scripts.UnifiedTestCases.Product_Overview_Page@88ff2c]" name="setUp" is-config="true" duration-ms="18594" started-at="2016-04-29T22:51:04Z" finished-at="2016-04-29T22:51:22Z">
          <reporter-output>
          </reporter-output>
        </test-method> <!-- setUp -->
        <test-method status="FAIL" signature="VerifyProductOverviewPage()[pri:0, instance:test.java.com.MusicGroup.scripts.UnifiedTestCases.Product_Overview_Page@88ff2c]" name="VerifyProductOverviewPage" duration-ms="635074" started-at="2016-04-29T22:51:22Z" finished-at="2016-04-29T23:01:57Z">
          <exception class="java.lang.AssertionError">
            <message>
              <![CDATA[expected [true] but found [false]]]>
            </message>
            <full-stacktrace>
              <![CDATA[java.lang.AssertionError: expected [true] but found [false]
	at org.testng.Assert.fail(Assert.java:94)
	at org.testng.Assert.failNotEquals(Assert.java:496)
	at org.testng.Assert.assertTrue(Assert.java:42)
	at org.testng.Assert.assertTrue(Assert.java:52)
	at test.java.com.MusicGroup.pagehelper.Product_Overview_Helper.verifyOverviewPage(Product_Overview_Helper.java:869)
	at test.java.com.MusicGroup.scripts.UnifiedTestCases.Product_Overview_Page.VerifyProductOverviewPage(Product_Overview_Page.java:58)
	at sun.reflect.NativeMethodAccessorImpl.invoke0(Native Method)
	at sun.reflect.NativeMethodAccessorImpl.invoke(NativeMethodAccessorImpl.java:62)
	at sun.reflect.DelegatingMethodAccessorImpl.invoke(DelegatingMethodAccessorImpl.java:43)
	at java.lang.reflect.Method.invoke(Method.java:497)
	at org.testng.internal.MethodInvocationHelper.invokeMethod(MethodInvocationHelper.java:85)
	at org.testng.internal.Invoker.invokeMethod(Invoker.java:639)
	at org.testng.internal.Invoker.invokeTestMethod(Invoker.java:816)
	at org.testng.internal.Invoker.invokeTestMethods(Invoker.java:1124)
	at org.testng.internal.TestMethodWorker.invokeTestMethods(TestMethodWorker.java:125)
	at org.testng.internal.TestMethodWorker.run(TestMethodWorker.java:108)
	at org.testng.TestRunner.privateRun(TestRunner.java:774)
	at org.testng.TestRunner.run(TestRunner.java:624)
	at org.testng.SuiteRunner.runTest(SuiteRunner.java:359)
	at org.testng.SuiteRunner.runSequentially(SuiteRunner.java:354)
	at org.testng.SuiteRunner.privateRun(SuiteRunner.java:312)
	at org.testng.SuiteRunner.run(SuiteRunner.java:261)
	at org.testng.SuiteRunnerWorker.runSuite(SuiteRunnerWorker.java:52)
	at org.testng.SuiteRunnerWorker.run(SuiteRunnerWorker.java:86)
	at org.testng.TestNG.runSuitesSequentially(TestNG.java:1215)
	at org.testng.TestNG.runSuitesLocally(TestNG.java:1140)
	at org.testng.TestNG.run(TestNG.java:1048)
	at org.testng.TestNG.privateMain(TestNG.java:1355)
	at org.testng.TestNG.main(TestNG.java:1324)
]]>
            </full-stacktrace>
          </exception> <!-- java.lang.AssertionError -->
          <reporter-output>
            <line>
              <![CDATA[<a href= 'file://C:/Users/VireshT/Desktop/MusicGroup/SVN_Test/MusicGroup/screenshots/TC_002_Product_Overview_Page//TC_002_Product_Overview_Page2016-04-29.jpg'target='_blank' >TC_002_Product_Overview_Page2016-04-29</a>]]>
            </line>
          </reporter-output>
        </test-method> <!-- VerifyProductOverviewPage -->
        <test-method status="PASS" signature="tearDown()[pri:0, instance:test.java.com.MusicGroup.scripts.UnifiedTestCases.Product_Overview_Page@88ff2c]" name="tearDown" is-config="true" duration-ms="1740" started-at="2016-04-29T23:01:57Z" finished-at="2016-04-29T23:01:59Z">
          <reporter-output>
          </reporter-output>
        </test-method> <!-- tearDown -->
      </class> <!-- test.java.com.MusicGroup.scripts.UnifiedTestCases.Product_Overview_Page -->
      <class name="test.java.com.MusicGroup.scripts.UnifiedTestCases.Midas_OurStory2008">
        <test-method status="PASS" signature="setUp()[pri:0, instance:test.java.com.MusicGroup.scripts.UnifiedTestCases.Midas_OurStory2008@107ec20]" name="setUp" is-config="true" duration-ms="22647" started-at="2016-04-29T22:18:55Z" finished-at="2016-04-29T22:19:18Z">
          <reporter-output>
          </reporter-output>
        </test-method> <!-- setUp -->
        <test-method status="PASS" signature="verifyMidas_OurStory2004Page()[pri:0, instance:test.java.com.MusicGroup.scripts.UnifiedTestCases.Midas_OurStory2008@107ec20]" name="verifyMidas_OurStory2004Page" duration-ms="22369" started-at="2016-04-29T22:19:18Z" finished-at="2016-04-29T22:19:40Z">
          <reporter-output>
          </reporter-output>
        </test-method> <!-- verifyMidas_OurStory2004Page -->
        <test-method status="PASS" signature="tearDown()[pri:0, instance:test.java.com.MusicGroup.scripts.UnifiedTestCases.Midas_OurStory2008@107ec20]" name="tearDown" is-config="true" duration-ms="1162" started-at="2016-04-29T22:19:40Z" finished-at="2016-04-29T22:19:42Z">
          <reporter-output>
          </reporter-output>
        </test-method> <!-- tearDown -->
      </class> <!-- test.java.com.MusicGroup.scripts.UnifiedTestCases.Midas_OurStory2008 -->
      <class name="test.java.com.MusicGroup.scripts.UnifiedTestCases.Midas_OurStory2006">
        <test-method status="PASS" signature="setUp()[pri:0, instance:test.java.com.MusicGroup.scripts.UnifiedTestCases.Midas_OurStory2006@ee9593]" name="setUp" is-config="true" duration-ms="38289" started-at="2016-04-29T22:17:14Z" finished-at="2016-04-29T22:17:53Z">
          <reporter-output>
          </reporter-output>
        </test-method> <!-- setUp -->
        <test-method status="PASS" signature="verifyMidas_OurStory2006Page()[pri:0, instance:test.java.com.MusicGroup.scripts.UnifiedTestCases.Midas_OurStory2006@ee9593]" name="verifyMidas_OurStory2006Page" duration-ms="47782" started-at="2016-04-29T22:17:53Z" finished-at="2016-04-29T22:18:40Z">
          <reporter-output>
          </reporter-output>
        </test-method> <!-- verifyMidas_OurStory2006Page -->
        <test-method status="PASS" signature="tearDown()[pri:0, instance:test.java.com.MusicGroup.scripts.UnifiedTestCases.Midas_OurStory2006@ee9593]" name="tearDown" is-config="true" duration-ms="15069" started-at="2016-04-29T22:18:40Z" finished-at="2016-04-29T22:18:55Z">
          <reporter-output>
          </reporter-output>
        </test-method> <!-- tearDown -->
      </class> <!-- test.java.com.MusicGroup.scripts.UnifiedTestCases.Midas_OurStory2006 -->
    </test> <!-- CrossTest2 -->
  </suite> <!-- CrossTest2 -->
</testng-results>
