<?xml version="1.0" encoding="UTF-8"?>
<!-- Generated by org.testng.reporters.JUnitReportReporter -->
<testsuite hostname="VireshT-PC" name="test.java.com.MusicGroup.scripts.UnifiedTestCases.Midas_OurStory1996" tests="1" failures="1" timestamp="28 Apr 2016 07:57:53 GMT" time="41.295" errors="0">
  <testcase name="verifyMidas_OurStory1996Page" time="41.295" classname="test.java.com.MusicGroup.scripts.UnifiedTestCases.Midas_OurStory1996">
    <failure type="java.lang.AssertionError" message="locator not found">
      <![CDATA[java.lang.AssertionError: locator not found
	at org.testng.Assert.fail(Assert.java:94)
	at test.java.com.MusicGroup.pagehelper.Midas_OurStory1996_Helper.clickOurStory1970(Midas_OurStory1996_Helper.java:63)
	at test.java.com.MusicGroup.pagehelper.Midas_OurStory1996_Helper.ReachUptoOurStoryPage(Midas_OurStory1996_Helper.java:93)
	at test.java.com.MusicGroup.pagehelper.Midas_OurStory1996_Helper.verifyMidasOurStory1996Page(Midas_OurStory1996_Helper.java:102)
	at test.java.com.MusicGroup.scripts.UnifiedTestCases.Midas_OurStory1996.verifyMidas_OurStory1996Page(Midas_OurStory1996.java:30)
	at sun.reflect.NativeMethodAccessorImpl.invoke0(Native Method)
	at sun.reflect.NativeMethodAccessorImpl.invoke(NativeMethodAccessorImpl.java:62)
	at sun.reflect.DelegatingMethodAccessorImpl.invoke(DelegatingMethodAccessorImpl.java:43)
	at java.lang.reflect.Method.invoke(Method.java:497)
	at org.testng.internal.MethodInvocationHelper.invokeMethod(MethodInvocationHelper.java:85)
	at org.testng.internal.Invoker.invokeMethod(Invoker.java:639)
	at org.testng.internal.Invoker.invokeTestMethod(Invoker.java:816)
	at org.testng.internal.Invoker.invokeTestMethods(Invoker.java:1124)
	at org.testng.internal.TestMethodWorker.invokeTestMethods(TestMethodWorker.java:125)
	at org.testng.internal.TestMethodWorker.run(TestMethodWorker.java:108)
	at org.testng.TestRunner.privateRun(TestRunner.java:774)
	at org.testng.TestRunner.run(TestRunner.java:624)
	at org.testng.SuiteRunner.runTest(SuiteRunner.java:359)
	at org.testng.SuiteRunner.runSequentially(SuiteRunner.java:354)
	at org.testng.SuiteRunner.privateRun(SuiteRunner.java:312)
	at org.testng.SuiteRunner.run(SuiteRunner.java:261)
	at org.testng.SuiteRunnerWorker.runSuite(SuiteRunnerWorker.java:52)
	at org.testng.SuiteRunnerWorker.run(SuiteRunnerWorker.java:86)
	at org.testng.TestNG.runSuitesSequentially(TestNG.java:1215)
	at org.testng.TestNG.runSuitesLocally(TestNG.java:1140)
	at org.testng.TestNG.run(TestNG.java:1048)
	at org.testng.TestNG.privateMain(TestNG.java:1355)
	at org.testng.TestNG.main(TestNG.java:1324)
]]>
    </failure>
  </testcase> <!-- verifyMidas_OurStory1996Page -->
</testsuite> <!-- test.java.com.MusicGroup.scripts.UnifiedTestCases.Midas_OurStory1996 -->
